{"/Users/max.desalle/zentat/src/lib/anchors.ts": {"path":"/Users/max.desalle/zentat/src/lib/anchors.ts","all":false,"statementMap":{"0":{"start":{"line":24,"column":0},"end":{"line":24,"column":29}},"1":{"start":{"line":26,"column":0},"end":{"line":26,"column":35}},"2":{"start":{"line":29,"column":0},"end":{"line":29,"column":81}},"3":{"start":{"line":30,"column":0},"end":{"line":30,"column":58}},"4":{"start":{"line":31,"column":0},"end":{"line":31,"column":62}},"5":{"start":{"line":32,"column":0},"end":{"line":32,"column":37}},"6":{"start":{"line":33,"column":0},"end":{"line":33,"column":60}},"7":{"start":{"line":34,"column":0},"end":{"line":34,"column":1}},"8":{"start":{"line":43,"column":0},"end":{"line":43,"column":29}},"9":{"start":{"line":44,"column":0},"end":{"line":44,"column":31}},"10":{"start":{"line":52,"column":0},"end":{"line":52,"column":33}},"11":{"start":{"line":53,"column":0},"end":{"line":53,"column":20}},"12":{"start":{"line":54,"column":0},"end":{"line":54,"column":20}},"13":{"start":{"line":55,"column":0},"end":{"line":55,"column":19}},"14":{"start":{"line":56,"column":0},"end":{"line":56,"column":12}},"15":{"start":{"line":57,"column":0},"end":{"line":57,"column":17}},"16":{"start":{"line":58,"column":0},"end":{"line":58,"column":34}},"17":{"start":{"line":60,"column":0},"end":{"line":60,"column":62}},"18":{"start":{"line":61,"column":0},"end":{"line":61,"column":33}},"19":{"start":{"line":62,"column":0},"end":{"line":62,"column":48}},"20":{"start":{"line":63,"column":0},"end":{"line":63,"column":33}},"21":{"start":{"line":64,"column":0},"end":{"line":64,"column":36}},"22":{"start":{"line":65,"column":0},"end":{"line":65,"column":71}},"23":{"start":{"line":66,"column":0},"end":{"line":66,"column":74}},"24":{"start":{"line":67,"column":0},"end":{"line":67,"column":3}},"25":{"start":{"line":69,"column":0},"end":{"line":69,"column":15}},"26":{"start":{"line":70,"column":0},"end":{"line":70,"column":44}},"27":{"start":{"line":71,"column":0},"end":{"line":71,"column":20}},"28":{"start":{"line":72,"column":0},"end":{"line":72,"column":53}},"29":{"start":{"line":73,"column":0},"end":{"line":73,"column":1}},"30":{"start":{"line":76,"column":0},"end":{"line":76,"column":69}},"31":{"start":{"line":77,"column":0},"end":{"line":77,"column":73}},"32":{"start":{"line":78,"column":0},"end":{"line":78,"column":40}},"33":{"start":{"line":79,"column":0},"end":{"line":79,"column":29}},"34":{"start":{"line":80,"column":0},"end":{"line":80,"column":34}},"35":{"start":{"line":81,"column":0},"end":{"line":81,"column":19}},"36":{"start":{"line":82,"column":0},"end":{"line":82,"column":1}},"37":{"start":{"line":85,"column":0},"end":{"line":85,"column":87}},"38":{"start":{"line":86,"column":0},"end":{"line":86,"column":42}},"39":{"start":{"line":87,"column":0},"end":{"line":87,"column":54}},"40":{"start":{"line":88,"column":0},"end":{"line":88,"column":51}},"41":{"start":{"line":89,"column":0},"end":{"line":89,"column":4}},"42":{"start":{"line":90,"column":0},"end":{"line":90,"column":34}},"43":{"start":{"line":91,"column":0},"end":{"line":91,"column":1}},"44":{"start":{"line":105,"column":0},"end":{"line":105,"column":78}},"45":{"start":{"line":106,"column":0},"end":{"line":106,"column":30}},"46":{"start":{"line":107,"column":0},"end":{"line":107,"column":33}},"47":{"start":{"line":108,"column":0},"end":{"line":108,"column":46}},"48":{"start":{"line":109,"column":0},"end":{"line":109,"column":59}},"49":{"start":{"line":110,"column":0},"end":{"line":110,"column":65}},"50":{"start":{"line":111,"column":0},"end":{"line":111,"column":78}},"51":{"start":{"line":112,"column":0},"end":{"line":112,"column":3}},"52":{"start":{"line":113,"column":0},"end":{"line":113,"column":73}},"53":{"start":{"line":114,"column":0},"end":{"line":114,"column":1}},"54":{"start":{"line":116,"column":0},"end":{"line":116,"column":29}},"55":{"start":{"line":117,"column":0},"end":{"line":117,"column":16}},"56":{"start":{"line":118,"column":0},"end":{"line":118,"column":17}},"57":{"start":{"line":119,"column":0},"end":{"line":119,"column":19}},"58":{"start":{"line":120,"column":0},"end":{"line":120,"column":19}},"59":{"start":{"line":121,"column":0},"end":{"line":121,"column":18}},"60":{"start":{"line":122,"column":0},"end":{"line":122,"column":31}},"61":{"start":{"line":123,"column":0},"end":{"line":123,"column":45}},"62":{"start":{"line":124,"column":0},"end":{"line":124,"column":51}},"63":{"start":{"line":125,"column":0},"end":{"line":125,"column":38}},"64":{"start":{"line":126,"column":0},"end":{"line":126,"column":10}},"65":{"start":{"line":127,"column":0},"end":{"line":127,"column":79}},"66":{"start":{"line":128,"column":0},"end":{"line":128,"column":32}},"67":{"start":{"line":129,"column":0},"end":{"line":129,"column":11}},"68":{"start":{"line":130,"column":0},"end":{"line":130,"column":37}},"69":{"start":{"line":131,"column":0},"end":{"line":131,"column":30}},"70":{"start":{"line":132,"column":0},"end":{"line":132,"column":4}},"71":{"start":{"line":133,"column":0},"end":{"line":133,"column":1}}},"s":{"0":2,"1":2,"2":2,"3":30,"4":30,"5":25,"6":30,"7":30,"8":2,"9":2,"10":2,"11":32,"12":32,"13":32,"14":32,"15":32,"16":32,"17":30,"18":32,"19":19,"20":19,"21":18,"22":19,"23":16,"24":16,"25":30,"26":30,"27":30,"28":30,"29":30,"30":2,"31":9,"32":9,"33":9,"34":9,"35":9,"36":9,"37":2,"38":21,"39":3,"40":4,"41":3,"42":3,"43":3,"44":2,"45":5,"46":5,"47":6,"48":6,"49":4,"50":6,"51":6,"52":5,"53":5,"54":2,"55":14,"56":14,"57":14,"58":14,"59":14,"60":14,"61":14,"62":12,"63":14,"64":11,"65":11,"66":11,"67":11,"68":11,"69":11,"70":11,"71":11},"branchMap":{"0":{"type":"branch","line":29,"loc":{"start":{"line":29,"column":7},"end":{"line":34,"column":1}},"locations":[{"start":{"line":29,"column":7},"end":{"line":34,"column":1}}]},"1":{"type":"branch","line":31,"loc":{"start":{"line":31,"column":50},"end":{"line":31,"column":62}},"locations":[{"start":{"line":31,"column":50},"end":{"line":31,"column":62}}]},"2":{"type":"branch","line":33,"loc":{"start":{"line":33,"column":47},"end":{"line":33,"column":60}},"locations":[{"start":{"line":33,"column":47},"end":{"line":33,"column":60}}]},"3":{"type":"branch","line":52,"loc":{"start":{"line":52,"column":7},"end":{"line":73,"column":1}},"locations":[{"start":{"line":52,"column":7},"end":{"line":73,"column":1}}]},"4":{"type":"branch","line":58,"loc":{"start":{"line":58,"column":24},"end":{"line":58,"column":34}},"locations":[{"start":{"line":58,"column":24},"end":{"line":58,"column":34}}]},"5":{"type":"branch","line":61,"loc":{"start":{"line":61,"column":32},"end":{"line":67,"column":3}},"locations":[{"start":{"line":61,"column":32},"end":{"line":67,"column":3}}]},"6":{"type":"branch","line":63,"loc":{"start":{"line":63,"column":24},"end":{"line":63,"column":33}},"locations":[{"start":{"line":63,"column":24},"end":{"line":63,"column":33}}]},"7":{"type":"branch","line":65,"loc":{"start":{"line":65,"column":62},"end":{"line":65,"column":71}},"locations":[{"start":{"line":65,"column":62},"end":{"line":65,"column":71}}]},"8":{"type":"branch","line":72,"loc":{"start":{"line":72,"column":9},"end":{"line":72,"column":51}},"locations":[{"start":{"line":72,"column":9},"end":{"line":72,"column":51}}]},"9":{"type":"branch","line":76,"loc":{"start":{"line":76,"column":7},"end":{"line":82,"column":1}},"locations":[{"start":{"line":76,"column":7},"end":{"line":82,"column":1}}]},"10":{"type":"branch","line":77,"loc":{"start":{"line":77,"column":32},"end":{"line":77,"column":73}},"locations":[{"start":{"line":77,"column":32},"end":{"line":77,"column":73}}]},"11":{"type":"branch","line":85,"loc":{"start":{"line":85,"column":7},"end":{"line":91,"column":1}},"locations":[{"start":{"line":85,"column":7},"end":{"line":91,"column":1}}]},"12":{"type":"branch","line":86,"loc":{"start":{"line":86,"column":32},"end":{"line":86,"column":42}},"locations":[{"start":{"line":86,"column":32},"end":{"line":86,"column":42}}]},"13":{"type":"branch","line":86,"loc":{"start":{"line":86,"column":39},"end":{"line":91,"column":1}},"locations":[{"start":{"line":86,"column":39},"end":{"line":91,"column":1}}]},"14":{"type":"branch","line":87,"loc":{"start":{"line":87,"column":32},"end":{"line":88,"column":51}},"locations":[{"start":{"line":87,"column":32},"end":{"line":88,"column":51}}]},"15":{"type":"branch","line":31,"loc":{"start":{"line":31,"column":15},"end":{"line":31,"column":50}},"locations":[{"start":{"line":31,"column":15},"end":{"line":31,"column":50}}]},"16":{"type":"branch","line":31,"loc":{"start":{"line":31,"column":57},"end":{"line":33,"column":35}},"locations":[{"start":{"line":31,"column":57},"end":{"line":33,"column":35}}]},"17":{"type":"branch","line":33,"loc":{"start":{"line":33,"column":30},"end":{"line":33,"column":47}},"locations":[{"start":{"line":33,"column":30},"end":{"line":33,"column":47}}]},"18":{"type":"branch","line":33,"loc":{"start":{"line":33,"column":43},"end":{"line":33,"column":55}},"locations":[{"start":{"line":33,"column":43},"end":{"line":33,"column":55}}]},"19":{"type":"branch","line":58,"loc":{"start":{"line":58,"column":32},"end":{"line":61,"column":32}},"locations":[{"start":{"line":58,"column":32},"end":{"line":61,"column":32}}]},"20":{"type":"branch","line":63,"loc":{"start":{"line":63,"column":24},"end":{"line":65,"column":36}},"locations":[{"start":{"line":63,"column":24},"end":{"line":65,"column":36}}]},"21":{"type":"branch","line":65,"loc":{"start":{"line":65,"column":16},"end":{"line":65,"column":62}},"locations":[{"start":{"line":65,"column":16},"end":{"line":65,"column":62}}]},"22":{"type":"branch","line":65,"loc":{"start":{"line":65,"column":62},"end":{"line":67,"column":3}},"locations":[{"start":{"line":65,"column":62},"end":{"line":67,"column":3}}]},"23":{"type":"branch","line":67,"loc":{"start":{"line":67,"column":2},"end":{"line":73,"column":1}},"locations":[{"start":{"line":67,"column":2},"end":{"line":73,"column":1}}]},"24":{"type":"branch","line":70,"loc":{"start":{"line":70,"column":10},"end":{"line":70,"column":43}},"locations":[{"start":{"line":70,"column":10},"end":{"line":70,"column":43}}]},"25":{"type":"branch","line":77,"loc":{"start":{"line":77,"column":26},"end":{"line":77,"column":36}},"locations":[{"start":{"line":77,"column":26},"end":{"line":77,"column":36}}]},"26":{"type":"branch","line":77,"loc":{"start":{"line":77,"column":45},"end":{"line":77,"column":54}},"locations":[{"start":{"line":77,"column":45},"end":{"line":77,"column":54}}]},"27":{"type":"branch","line":77,"loc":{"start":{"line":77,"column":50},"end":{"line":77,"column":73}},"locations":[{"start":{"line":77,"column":50},"end":{"line":77,"column":73}}]},"28":{"type":"branch","line":77,"loc":{"start":{"line":77,"column":63},"end":{"line":77,"column":71}},"locations":[{"start":{"line":77,"column":63},"end":{"line":77,"column":71}}]},"29":{"type":"branch","line":77,"loc":{"start":{"line":77,"column":67},"end":{"line":77,"column":73}},"locations":[{"start":{"line":77,"column":67},"end":{"line":77,"column":73}}]},"30":{"type":"branch","line":86,"loc":{"start":{"line":86,"column":32},"end":{"line":91,"column":1}},"locations":[{"start":{"line":86,"column":32},"end":{"line":91,"column":1}}]},"31":{"type":"branch","line":105,"loc":{"start":{"line":105,"column":7},"end":{"line":114,"column":1}},"locations":[{"start":{"line":105,"column":7},"end":{"line":114,"column":1}}]},"32":{"type":"branch","line":107,"loc":{"start":{"line":107,"column":32},"end":{"line":112,"column":3}},"locations":[{"start":{"line":107,"column":32},"end":{"line":112,"column":3}}]},"33":{"type":"branch","line":109,"loc":{"start":{"line":109,"column":16},"end":{"line":109,"column":50}},"locations":[{"start":{"line":109,"column":16},"end":{"line":109,"column":50}}]},"34":{"type":"branch","line":109,"loc":{"start":{"line":109,"column":50},"end":{"line":109,"column":59}},"locations":[{"start":{"line":109,"column":50},"end":{"line":109,"column":59}}]},"35":{"type":"branch","line":109,"loc":{"start":{"line":109,"column":50},"end":{"line":111,"column":53}},"locations":[{"start":{"line":109,"column":50},"end":{"line":111,"column":53}}]},"36":{"type":"branch","line":111,"loc":{"start":{"line":111,"column":45},"end":{"line":111,"column":78}},"locations":[{"start":{"line":111,"column":45},"end":{"line":111,"column":78}}]},"37":{"type":"branch","line":113,"loc":{"start":{"line":113,"column":22},"end":{"line":113,"column":71}},"locations":[{"start":{"line":113,"column":22},"end":{"line":113,"column":71}}]},"38":{"type":"branch","line":116,"loc":{"start":{"line":116,"column":7},"end":{"line":133,"column":1}},"locations":[{"start":{"line":116,"column":7},"end":{"line":133,"column":1}}]},"39":{"type":"branch","line":123,"loc":{"start":{"line":123,"column":7},"end":{"line":123,"column":33}},"locations":[{"start":{"line":123,"column":7},"end":{"line":123,"column":33}}]},"40":{"type":"branch","line":123,"loc":{"start":{"line":123,"column":33},"end":{"line":123,"column":45}},"locations":[{"start":{"line":123,"column":33},"end":{"line":123,"column":45}}]},"41":{"type":"branch","line":123,"loc":{"start":{"line":123,"column":40},"end":{"line":125,"column":33}},"locations":[{"start":{"line":123,"column":40},"end":{"line":125,"column":33}}]},"42":{"type":"branch","line":125,"loc":{"start":{"line":125,"column":26},"end":{"line":125,"column":38}},"locations":[{"start":{"line":125,"column":26},"end":{"line":125,"column":38}}]},"43":{"type":"branch","line":125,"loc":{"start":{"line":125,"column":33},"end":{"line":133,"column":1}},"locations":[{"start":{"line":125,"column":33},"end":{"line":133,"column":1}}]}},"b":{"0":[30],"1":[5],"2":[1],"3":[32],"4":[2],"5":[19],"6":[1],"7":[2],"8":[13],"9":[9],"10":[5],"11":[21],"12":[18],"13":[3],"14":[4],"15":[27],"16":[25],"17":[24],"18":[24],"19":[30],"20":[18],"21":[17],"22":[16],"23":[30],"24":[27],"25":[4],"26":[1],"27":[4],"28":[1],"29":[3],"30":[20],"31":[5],"32":[6],"33":[5],"34":[2],"35":[4],"36":[3],"37":[1],"38":[14],"39":[13],"40":[2],"41":[12],"42":[1],"43":[11]},"fnMap":{"0":{"name":"anchorZecValue","decl":{"start":{"line":29,"column":7},"end":{"line":34,"column":1}},"loc":{"start":{"line":29,"column":7},"end":{"line":34,"column":1}},"line":29},"1":{"name":"compareToAnchors","decl":{"start":{"line":52,"column":7},"end":{"line":73,"column":1}},"loc":{"start":{"line":52,"column":7},"end":{"line":73,"column":1}},"line":52},"2":{"name":"formatCount","decl":{"start":{"line":76,"column":7},"end":{"line":82,"column":1}},"loc":{"start":{"line":76,"column":7},"end":{"line":82,"column":1}},"line":76},"3":{"name":"formatComparisons","decl":{"start":{"line":85,"column":7},"end":{"line":91,"column":1}},"loc":{"start":{"line":85,"column":7},"end":{"line":91,"column":1}},"line":85},"4":{"name":"driftedAnchors","decl":{"start":{"line":105,"column":7},"end":{"line":114,"column":1}},"loc":{"start":{"line":105,"column":7},"end":{"line":114,"column":1}},"line":105},"5":{"name":"createAnchor","decl":{"start":{"line":116,"column":7},"end":{"line":133,"column":1}},"loc":{"start":{"line":116,"column":7},"end":{"line":133,"column":1}},"line":116}},"f":{"0":30,"1":32,"2":9,"3":21,"4":5,"5":14}}
,"/Users/max.desalle/zentat/src/lib/currencies.ts": {"path":"/Users/max.desalle/zentat/src/lib/currencies.ts","all":false,"statementMap":{"0":{"start":{"line":11,"column":0},"end":{"line":11,"column":58}},"1":{"start":{"line":12,"column":0},"end":{"line":12,"column":50}},"2":{"start":{"line":13,"column":0},"end":{"line":13,"column":45}},"3":{"start":{"line":14,"column":0},"end":{"line":14,"column":54}},"4":{"start":{"line":15,"column":0},"end":{"line":15,"column":53}},"5":{"start":{"line":16,"column":0},"end":{"line":16,"column":57}},"6":{"start":{"line":17,"column":0},"end":{"line":17,"column":59}},"7":{"start":{"line":18,"column":0},"end":{"line":18,"column":54}},"8":{"start":{"line":19,"column":0},"end":{"line":19,"column":53}},"9":{"start":{"line":20,"column":0},"end":{"line":20,"column":51}},"10":{"start":{"line":21,"column":0},"end":{"line":21,"column":53}},"11":{"start":{"line":22,"column":0},"end":{"line":22,"column":56}},"12":{"start":{"line":23,"column":0},"end":{"line":23,"column":55}},"13":{"start":{"line":24,"column":0},"end":{"line":24,"column":2}},"14":{"start":{"line":26,"column":0},"end":{"line":26,"column":70}}},"s":{"0":2,"1":2,"2":2,"3":2,"4":2,"5":2,"6":2,"7":2,"8":2,"9":2,"10":2,"11":2,"12":2,"13":2,"14":2},"branchMap":{"0":{"type":"branch","line":26,"loc":{"start":{"line":26,"column":55},"end":{"line":26,"column":68}},"locations":[{"start":{"line":26,"column":55},"end":{"line":26,"column":68}}]}},"b":{"0":[276]},"fnMap":{},"f":{}}
,"/Users/max.desalle/zentat/src/lib/i18n.ts": {"path":"/Users/max.desalle/zentat/src/lib/i18n.ts","all":false,"statementMap":{"20":{"start":{"line":21,"column":0},"end":{"line":21,"column":79}},"21":{"start":{"line":22,"column":0},"end":{"line":22,"column":7}},"24":{"start":{"line":25,"column":0},"end":{"line":25,"column":62}},"28":{"start":{"line":29,"column":0},"end":{"line":29,"column":51}},"31":{"start":{"line":32,"column":0},"end":{"line":32,"column":26}},"32":{"start":{"line":33,"column":0},"end":{"line":33,"column":11}},"33":{"start":{"line":34,"column":0},"end":{"line":34,"column":15}},"34":{"start":{"line":35,"column":0},"end":{"line":35,"column":3}},"35":{"start":{"line":36,"column":0},"end":{"line":36,"column":1}},"38":{"start":{"line":39,"column":0},"end":{"line":39,"column":69}},"39":{"start":{"line":40,"column":0},"end":{"line":40,"column":71}},"40":{"start":{"line":41,"column":0},"end":{"line":41,"column":32}},"41":{"start":{"line":42,"column":0},"end":{"line":42,"column":37}},"42":{"start":{"line":43,"column":0},"end":{"line":43,"column":3}},"45":{"start":{"line":46,"column":0},"end":{"line":46,"column":76}},"46":{"start":{"line":47,"column":0},"end":{"line":47,"column":37}},"47":{"start":{"line":48,"column":0},"end":{"line":48,"column":24}},"48":{"start":{"line":49,"column":0},"end":{"line":49,"column":41}},"49":{"start":{"line":50,"column":0},"end":{"line":50,"column":69}},"50":{"start":{"line":51,"column":0},"end":{"line":51,"column":53}},"51":{"start":{"line":52,"column":0},"end":{"line":52,"column":5}},"52":{"start":{"line":53,"column":0},"end":{"line":53,"column":3}},"53":{"start":{"line":54,"column":0},"end":{"line":54,"column":1}}},"s":{"20":1,"21":11,"24":11,"28":11,"31":11,"32":11,"33":1,"34":1,"35":11,"38":1,"39":8,"40":4,"41":4,"42":4,"45":8,"46":4,"47":4,"48":4,"49":5,"50":5,"51":5,"52":3,"53":8},"branchMap":{"0":{"type":"branch","line":21,"loc":{"start":{"line":21,"column":7},"end":{"line":36,"column":1}},"locations":[{"start":{"line":21,"column":7},"end":{"line":36,"column":1}}]},"1":{"type":"branch","line":32,"loc":{"start":{"line":32,"column":11},"end":{"line":32,"column":26}},"locations":[{"start":{"line":32,"column":11},"end":{"line":32,"column":26}}]},"2":{"type":"branch","line":33,"loc":{"start":{"line":33,"column":2},"end":{"line":35,"column":3}},"locations":[{"start":{"line":33,"column":2},"end":{"line":35,"column":3}}]},"3":{"type":"branch","line":39,"loc":{"start":{"line":39,"column":7},"end":{"line":54,"column":1}},"locations":[{"start":{"line":39,"column":7},"end":{"line":54,"column":1}}]},"4":{"type":"branch","line":40,"loc":{"start":{"line":40,"column":70},"end":{"line":43,"column":3}},"locations":[{"start":{"line":40,"column":70},"end":{"line":43,"column":3}}]},"5":{"type":"branch","line":42,"loc":{"start":{"line":42,"column":13},"end":{"line":42,"column":37}},"locations":[{"start":{"line":42,"column":13},"end":{"line":42,"column":37}}]},"6":{"type":"branch","line":46,"loc":{"start":{"line":46,"column":75},"end":{"line":53,"column":3}},"locations":[{"start":{"line":46,"column":75},"end":{"line":53,"column":3}}]},"7":{"type":"branch","line":48,"loc":{"start":{"line":48,"column":15},"end":{"line":48,"column":24}},"locations":[{"start":{"line":48,"column":15},"end":{"line":48,"column":24}}]},"8":{"type":"branch","line":48,"loc":{"start":{"line":48,"column":15},"end":{"line":49,"column":40}},"locations":[{"start":{"line":48,"column":15},"end":{"line":49,"column":40}}]},"9":{"type":"branch","line":49,"loc":{"start":{"line":49,"column":40},"end":{"line":52,"column":5}},"locations":[{"start":{"line":49,"column":40},"end":{"line":52,"column":5}}]},"10":{"type":"branch","line":51,"loc":{"start":{"line":51,"column":10},"end":{"line":51,"column":23}},"locations":[{"start":{"line":51,"column":10},"end":{"line":51,"column":23}}]},"11":{"type":"branch","line":51,"loc":{"start":{"line":51,"column":23},"end":{"line":51,"column":53}},"locations":[{"start":{"line":51,"column":23},"end":{"line":51,"column":53}}]},"12":{"type":"branch","line":52,"loc":{"start":{"line":52,"column":4},"end":{"line":53,"column":3}},"locations":[{"start":{"line":52,"column":4},"end":{"line":53,"column":3}}]},"13":{"type":"branch","line":50,"loc":{"start":{"line":50,"column":46},"end":{"line":50,"column":67}},"locations":[{"start":{"line":50,"column":46},"end":{"line":50,"column":67}}]}},"b":{"0":[11],"1":[1],"2":[1],"3":[8],"4":[4],"5":[3],"6":[4],"7":[1],"8":[3],"9":[5],"10":[4],"11":[4],"12":[3],"13":[9]},"fnMap":{"0":{"name":"t","decl":{"start":{"line":21,"column":7},"end":{"line":36,"column":1}},"loc":{"start":{"line":21,"column":7},"end":{"line":36,"column":1}},"line":21},"1":{"name":"localizeDocument","decl":{"start":{"line":39,"column":7},"end":{"line":54,"column":1}},"loc":{"start":{"line":39,"column":7},"end":{"line":54,"column":1}},"line":39}},"f":{"0":11,"1":8}}
,"/Users/max.desalle/zentat/src/lib/liabilities.ts": {"path":"/Users/max.desalle/zentat/src/lib/liabilities.ts","all":false,"statementMap":{"0":{"start":{"line":1,"column":0},"end":{"line":1,"column":58}},"36":{"start":{"line":37,"column":0},"end":{"line":37,"column":34}},"38":{"start":{"line":39,"column":0},"end":{"line":39,"column":44}},"39":{"start":{"line":40,"column":0},"end":{"line":40,"column":18}},"40":{"start":{"line":41,"column":0},"end":{"line":41,"column":13}},"41":{"start":{"line":42,"column":0},"end":{"line":42,"column":17}},"42":{"start":{"line":43,"column":0},"end":{"line":43,"column":2}},"45":{"start":{"line":46,"column":0},"end":{"line":46,"column":29}},"46":{"start":{"line":47,"column":0},"end":{"line":47,"column":23}},"47":{"start":{"line":48,"column":0},"end":{"line":48,"column":19}},"48":{"start":{"line":49,"column":0},"end":{"line":49,"column":25}},"49":{"start":{"line":50,"column":0},"end":{"line":50,"column":18}},"50":{"start":{"line":51,"column":0},"end":{"line":51,"column":19}},"51":{"start":{"line":52,"column":0},"end":{"line":52,"column":50}},"52":{"start":{"line":53,"column":0},"end":{"line":53,"column":52}},"53":{"start":{"line":54,"column":0},"end":{"line":54,"column":67}},"54":{"start":{"line":55,"column":0},"end":{"line":55,"column":40}},"55":{"start":{"line":56,"column":0},"end":{"line":56,"column":47}},"56":{"start":{"line":57,"column":0},"end":{"line":57,"column":1}},"74":{"start":{"line":75,"column":0},"end":{"line":75,"column":32}},"75":{"start":{"line":76,"column":0},"end":{"line":76,"column":27}},"76":{"start":{"line":77,"column":0},"end":{"line":77,"column":19}},"77":{"start":{"line":78,"column":0},"end":{"line":78,"column":25}},"78":{"start":{"line":79,"column":0},"end":{"line":79,"column":20}},"79":{"start":{"line":80,"column":0},"end":{"line":80,"column":19}},"80":{"start":{"line":81,"column":0},"end":{"line":81,"column":19}},"81":{"start":{"line":82,"column":0},"end":{"line":82,"column":32}},"83":{"start":{"line":84,"column":0},"end":{"line":84,"column":40}},"84":{"start":{"line":85,"column":0},"end":{"line":85,"column":53}},"85":{"start":{"line":86,"column":0},"end":{"line":86,"column":23}},"86":{"start":{"line":87,"column":0},"end":{"line":87,"column":37}},"87":{"start":{"line":88,"column":0},"end":{"line":88,"column":15}},"88":{"start":{"line":89,"column":0},"end":{"line":89,"column":5}},"89":{"start":{"line":90,"column":0},"end":{"line":90,"column":55}},"90":{"start":{"line":91,"column":0},"end":{"line":91,"column":58}},"91":{"start":{"line":92,"column":0},"end":{"line":92,"column":29}},"92":{"start":{"line":93,"column":0},"end":{"line":93,"column":3}},"94":{"start":{"line":95,"column":0},"end":{"line":95,"column":68}},"95":{"start":{"line":96,"column":0},"end":{"line":96,"column":1}},"97":{"start":{"line":98,"column":0},"end":{"line":98,"column":32}},"98":{"start":{"line":99,"column":0},"end":{"line":99,"column":16}},"99":{"start":{"line":100,"column":0},"end":{"line":100,"column":17}},"100":{"start":{"line":101,"column":0},"end":{"line":101,"column":19}},"101":{"start":{"line":102,"column":0},"end":{"line":102,"column":19}},"102":{"start":{"line":103,"column":0},"end":{"line":103,"column":26}},"103":{"start":{"line":104,"column":0},"end":{"line":104,"column":19}},"104":{"start":{"line":105,"column":0},"end":{"line":105,"column":25}},"105":{"start":{"line":106,"column":0},"end":{"line":106,"column":21}},"106":{"start":{"line":107,"column":0},"end":{"line":107,"column":31}},"107":{"start":{"line":108,"column":0},"end":{"line":108,"column":45}},"109":{"start":{"line":110,"column":0},"end":{"line":110,"column":17}},"110":{"start":{"line":111,"column":0},"end":{"line":111,"column":79}},"111":{"start":{"line":112,"column":0},"end":{"line":112,"column":32}},"112":{"start":{"line":113,"column":0},"end":{"line":113,"column":11}},"113":{"start":{"line":114,"column":0},"end":{"line":114,"column":37}},"114":{"start":{"line":115,"column":0},"end":{"line":115,"column":12}},"115":{"start":{"line":116,"column":0},"end":{"line":116,"column":14}},"116":{"start":{"line":117,"column":0},"end":{"line":117,"column":18}},"117":{"start":{"line":118,"column":0},"end":{"line":118,"column":24}},"118":{"start":{"line":119,"column":0},"end":{"line":119,"column":4}},"120":{"start":{"line":121,"column":0},"end":{"line":121,"column":47}},"121":{"start":{"line":122,"column":0},"end":{"line":122,"column":32}},"122":{"start":{"line":123,"column":0},"end":{"line":123,"column":39}},"123":{"start":{"line":124,"column":0},"end":{"line":124,"column":1}}},"s":{"0":1,"36":1,"38":1,"39":1,"40":1,"41":1,"42":1,"45":1,"46":22,"47":22,"48":22,"49":22,"50":22,"51":0,"52":22,"53":22,"54":20,"55":22,"56":22,"74":1,"75":6,"76":6,"77":6,"78":6,"79":6,"80":6,"81":6,"83":6,"84":9,"85":9,"86":1,"87":1,"88":1,"89":8,"90":9,"91":5,"92":9,"94":6,"95":6,"97":1,"98":14,"99":14,"100":14,"101":14,"102":14,"103":14,"104":14,"105":14,"106":14,"107":14,"109":12,"110":12,"111":12,"112":12,"113":12,"114":12,"115":12,"116":12,"117":12,"118":12,"120":12,"121":14,"122":11,"123":11},"branchMap":{"0":{"type":"branch","line":46,"loc":{"start":{"line":46,"column":7},"end":{"line":57,"column":1}},"locations":[{"start":{"line":46,"column":7},"end":{"line":57,"column":1}}]},"1":{"type":"branch","line":51,"loc":{"start":{"line":51,"column":15},"end":{"line":52,"column":50}},"locations":[{"start":{"line":51,"column":15},"end":{"line":52,"column":50}}]},"2":{"type":"branch","line":54,"loc":{"start":{"line":54,"column":7},"end":{"line":54,"column":30}},"locations":[{"start":{"line":54,"column":7},"end":{"line":54,"column":30}}]},"3":{"type":"branch","line":54,"loc":{"start":{"line":54,"column":24},"end":{"line":54,"column":55}},"locations":[{"start":{"line":54,"column":24},"end":{"line":54,"column":55}}]},"4":{"type":"branch","line":54,"loc":{"start":{"line":54,"column":55},"end":{"line":54,"column":67}},"locations":[{"start":{"line":54,"column":55},"end":{"line":54,"column":67}}]},"5":{"type":"branch","line":54,"loc":{"start":{"line":54,"column":62},"end":{"line":56,"column":42}},"locations":[{"start":{"line":54,"column":62},"end":{"line":56,"column":42}}]},"6":{"type":"branch","line":56,"loc":{"start":{"line":56,"column":34},"end":{"line":56,"column":47}},"locations":[{"start":{"line":56,"column":34},"end":{"line":56,"column":47}}]},"7":{"type":"branch","line":75,"loc":{"start":{"line":75,"column":7},"end":{"line":96,"column":1}},"locations":[{"start":{"line":75,"column":7},"end":{"line":96,"column":1}}]},"8":{"type":"branch","line":84,"loc":{"start":{"line":84,"column":39},"end":{"line":93,"column":3}},"locations":[{"start":{"line":84,"column":39},"end":{"line":93,"column":3}}]},"9":{"type":"branch","line":86,"loc":{"start":{"line":86,"column":22},"end":{"line":89,"column":5}},"locations":[{"start":{"line":86,"column":22},"end":{"line":89,"column":5}}]},"10":{"type":"branch","line":89,"loc":{"start":{"line":89,"column":4},"end":{"line":91,"column":50}},"locations":[{"start":{"line":89,"column":4},"end":{"line":91,"column":50}}]},"11":{"type":"branch","line":91,"loc":{"start":{"line":91,"column":38},"end":{"line":91,"column":58}},"locations":[{"start":{"line":91,"column":38},"end":{"line":91,"column":58}}]},"12":{"type":"branch","line":91,"loc":{"start":{"line":91,"column":50},"end":{"line":92,"column":29}},"locations":[{"start":{"line":91,"column":50},"end":{"line":92,"column":29}}]},"13":{"type":"branch","line":98,"loc":{"start":{"line":98,"column":7},"end":{"line":124,"column":1}},"locations":[{"start":{"line":98,"column":7},"end":{"line":124,"column":1}}]},"14":{"type":"branch","line":108,"loc":{"start":{"line":108,"column":7},"end":{"line":108,"column":33}},"locations":[{"start":{"line":108,"column":7},"end":{"line":108,"column":33}}]},"15":{"type":"branch","line":108,"loc":{"start":{"line":108,"column":33},"end":{"line":108,"column":45}},"locations":[{"start":{"line":108,"column":33},"end":{"line":108,"column":45}}]},"16":{"type":"branch","line":108,"loc":{"start":{"line":108,"column":40},"end":{"line":122,"column":27}},"locations":[{"start":{"line":108,"column":40},"end":{"line":122,"column":27}}]},"17":{"type":"branch","line":122,"loc":{"start":{"line":122,"column":20},"end":{"line":122,"column":32}},"locations":[{"start":{"line":122,"column":20},"end":{"line":122,"column":32}}]},"18":{"type":"branch","line":122,"loc":{"start":{"line":122,"column":27},"end":{"line":124,"column":1}},"locations":[{"start":{"line":122,"column":27},"end":{"line":124,"column":1}}]}},"b":{"0":[22],"1":[0],"2":[20],"3":[20],"4":[2],"5":[20],"6":[0],"7":[6],"8":[9],"9":[1],"10":[8],"11":[3],"12":[5],"13":[14],"14":[13],"15":[2],"16":[12],"17":[1],"18":[11]},"fnMap":{"0":{"name":"liabilityZec","decl":{"start":{"line":46,"column":7},"end":{"line":57,"column":1}},"loc":{"start":{"line":46,"column":7},"end":{"line":57,"column":1}},"line":46},"1":{"name":"monthlyPosition","decl":{"start":{"line":75,"column":7},"end":{"line":96,"column":1}},"loc":{"start":{"line":75,"column":7},"end":{"line":96,"column":1}},"line":75},"2":{"name":"createLiability","decl":{"start":{"line":98,"column":7},"end":{"line":124,"column":1}},"loc":{"start":{"line":98,"column":7},"end":{"line":124,"column":1}},"line":98}},"f":{"0":22,"1":6,"2":14}}
,"/Users/max.desalle/zentat/src/lib/log.ts": {"path":"/Users/max.desalle/zentat/src/lib/log.ts","all":false,"statementMap":{"2":{"start":{"line":3,"column":0},"end":{"line":3,"column":50}},"3":{"start":{"line":4,"column":0},"end":{"line":4,"column":60}},"4":{"start":{"line":5,"column":0},"end":{"line":5,"column":42}},"5":{"start":{"line":6,"column":0},"end":{"line":6,"column":15}}},"s":{"2":1,"3":1,"4":48,"5":1},"branchMap":{"0":{"type":"branch","line":4,"loc":{"start":{"line":4,"column":57},"end":{"line":5,"column":42}},"locations":[{"start":{"line":4,"column":57},"end":{"line":5,"column":42}}]},"1":{"type":"branch","line":5,"loc":{"start":{"line":5,"column":41},"end":{"line":6,"column":15}},"locations":[{"start":{"line":5,"column":41},"end":{"line":6,"column":15}}]},"2":{"type":"branch","line":6,"loc":{"start":{"line":6,"column":6},"end":{"line":6,"column":15}},"locations":[{"start":{"line":6,"column":6},"end":{"line":6,"column":15}}]}},"b":{"0":[48],"1":[1],"2":[1]},"fnMap":{"0":{"name":"debug","decl":{"start":{"line":6,"column":6},"end":{"line":6,"column":15}},"loc":{"start":{"line":6,"column":6},"end":{"line":6,"column":15}},"line":6}},"f":{"0":1}}
,"/Users/max.desalle/zentat/src/lib/qr.ts": {"path":"/Users/max.desalle/zentat/src/lib/qr.ts","all":false,"statementMap":{"0":{"start":{"line":1,"column":0},"end":{"line":1,"column":38}},"1":{"start":{"line":17,"column":0},"end":{"line":17,"column":38}},"2":{"start":{"line":20,"column":0},"end":{"line":20,"column":21}},"3":{"start":{"line":36,"column":0},"end":{"line":36,"column":77}},"4":{"start":{"line":37,"column":0},"end":{"line":37,"column":25}},"5":{"start":{"line":39,"column":0},"end":{"line":39,"column":81}},"6":{"start":{"line":41,"column":0},"end":{"line":41,"column":7}},"7":{"start":{"line":43,"column":0},"end":{"line":43,"column":43}},"8":{"start":{"line":44,"column":0},"end":{"line":44,"column":21}},"9":{"start":{"line":45,"column":0},"end":{"line":45,"column":14}},"10":{"start":{"line":47,"column":0},"end":{"line":47,"column":38}},"11":{"start":{"line":48,"column":0},"end":{"line":48,"column":41}},"12":{"start":{"line":52,"column":0},"end":{"line":52,"column":18}},"13":{"start":{"line":53,"column":0},"end":{"line":53,"column":43}},"14":{"start":{"line":54,"column":0},"end":{"line":54,"column":45}},"15":{"start":{"line":55,"column":0},"end":{"line":55,"column":34}},"16":{"start":{"line":56,"column":0},"end":{"line":56,"column":69}},"17":{"start":{"line":57,"column":0},"end":{"line":57,"column":9}},"18":{"start":{"line":58,"column":0},"end":{"line":58,"column":7}},"19":{"start":{"line":59,"column":0},"end":{"line":59,"column":5}},"20":{"start":{"line":61,"column":0},"end":{"line":61,"column":12}},"21":{"start":{"line":62,"column":0},"end":{"line":62,"column":81}},"22":{"start":{"line":63,"column":0},"end":{"line":63,"column":70}},"23":{"start":{"line":64,"column":0},"end":{"line":64,"column":58}},"24":{"start":{"line":65,"column":0},"end":{"line":65,"column":72}},"25":{"start":{"line":66,"column":0},"end":{"line":66,"column":49}},"26":{"start":{"line":67,"column":0},"end":{"line":67,"column":15}},"27":{"start":{"line":68,"column":0},"end":{"line":68,"column":15}},"28":{"start":{"line":69,"column":0},"end":{"line":69,"column":11}},"29":{"start":{"line":71,"column":0},"end":{"line":71,"column":16}},"30":{"start":{"line":72,"column":0},"end":{"line":72,"column":3}},"31":{"start":{"line":73,"column":0},"end":{"line":73,"column":1}}},"s":{"0":2,"1":2,"2":2,"3":2,"4":13,"5":12,"6":12,"7":12,"8":12,"9":12,"10":12,"11":12,"12":12,"13":13,"14":395,"15":16299,"16":8130,"17":8130,"18":16299,"19":395,"20":11,"21":11,"22":11,"23":11,"24":11,"25":11,"26":11,"27":11,"28":13,"29":1,"30":1,"31":13},"branchMap":{"0":{"type":"branch","line":36,"loc":{"start":{"line":36,"column":7},"end":{"line":73,"column":1}},"locations":[{"start":{"line":36,"column":7},"end":{"line":73,"column":1}}]},"1":{"type":"branch","line":37,"loc":{"start":{"line":37,"column":13},"end":{"line":37,"column":25}},"locations":[{"start":{"line":37,"column":13},"end":{"line":37,"column":25}}]},"2":{"type":"branch","line":53,"loc":{"start":{"line":53,"column":42},"end":{"line":59,"column":5}},"locations":[{"start":{"line":53,"column":42},"end":{"line":59,"column":5}}]},"3":{"type":"branch","line":54,"loc":{"start":{"line":54,"column":44},"end":{"line":58,"column":7}},"locations":[{"start":{"line":54,"column":44},"end":{"line":58,"column":7}}]},"4":{"type":"branch","line":55,"loc":{"start":{"line":55,"column":33},"end":{"line":57,"column":9}},"locations":[{"start":{"line":55,"column":33},"end":{"line":57,"column":9}}]},"5":{"type":"branch","line":69,"loc":{"start":{"line":69,"column":2},"end":{"line":72,"column":3}},"locations":[{"start":{"line":69,"column":2},"end":{"line":72,"column":3}}]},"6":{"type":"branch","line":37,"loc":{"start":{"line":37,"column":20},"end":{"line":53,"column":42}},"locations":[{"start":{"line":37,"column":20},"end":{"line":53,"column":42}}]},"7":{"type":"branch","line":59,"loc":{"start":{"line":59,"column":4},"end":{"line":69,"column":10}},"locations":[{"start":{"line":59,"column":4},"end":{"line":69,"column":10}}]}},"b":{"0":[13],"1":[1],"2":[395],"3":[16299],"4":[8130],"5":[1],"6":[12],"7":[11]},"fnMap":{"0":{"name":"qrSvg","decl":{"start":{"line":36,"column":7},"end":{"line":73,"column":1}},"loc":{"start":{"line":36,"column":7},"end":{"line":73,"column":1}},"line":36}},"f":{"0":13}}
,"/Users/max.desalle/zentat/src/lib/quick-convert.ts": {"path":"/Users/max.desalle/zentat/src/lib/quick-convert.ts","all":false,"statementMap":{"0":{"start":{"line":1,"column":0},"end":{"line":1,"column":52}},"1":{"start":{"line":2,"column":0},"end":{"line":2,"column":58}},"2":{"start":{"line":3,"column":0},"end":{"line":3,"column":51}},"3":{"start":{"line":4,"column":0},"end":{"line":4,"column":46}},"4":{"start":{"line":5,"column":0},"end":{"line":5,"column":61}},"18":{"start":{"line":19,"column":0},"end":{"line":19,"column":29}},"19":{"start":{"line":20,"column":0},"end":{"line":20,"column":15}},"20":{"start":{"line":21,"column":0},"end":{"line":21,"column":19}},"21":{"start":{"line":22,"column":0},"end":{"line":22,"column":21}},"22":{"start":{"line":23,"column":0},"end":{"line":23,"column":23}},"23":{"start":{"line":24,"column":0},"end":{"line":24,"column":30}},"24":{"start":{"line":25,"column":0},"end":{"line":25,"column":28}},"26":{"start":{"line":27,"column":0},"end":{"line":27,"column":43}},"27":{"start":{"line":28,"column":0},"end":{"line":28,"column":68}},"29":{"start":{"line":30,"column":0},"end":{"line":30,"column":76}},"30":{"start":{"line":31,"column":0},"end":{"line":31,"column":26}},"32":{"start":{"line":33,"column":0},"end":{"line":33,"column":86}},"33":{"start":{"line":34,"column":0},"end":{"line":34,"column":27}},"34":{"start":{"line":35,"column":0},"end":{"line":35,"column":61}},"35":{"start":{"line":36,"column":0},"end":{"line":36,"column":1}},"38":{"start":{"line":39,"column":0},"end":{"line":39,"column":53}},"39":{"start":{"line":40,"column":0},"end":{"line":40,"column":74}},"40":{"start":{"line":41,"column":0},"end":{"line":41,"column":26}},"41":{"start":{"line":42,"column":0},"end":{"line":42,"column":39}},"42":{"start":{"line":43,"column":0},"end":{"line":43,"column":49}},"43":{"start":{"line":44,"column":0},"end":{"line":44,"column":79}},"44":{"start":{"line":45,"column":0},"end":{"line":45,"column":1}},"54":{"start":{"line":55,"column":0},"end":{"line":55,"column":88}},"55":{"start":{"line":56,"column":0},"end":{"line":56,"column":44}},"56":{"start":{"line":57,"column":0},"end":{"line":57,"column":37}},"57":{"start":{"line":58,"column":0},"end":{"line":58,"column":51}},"58":{"start":{"line":59,"column":0},"end":{"line":59,"column":26}},"59":{"start":{"line":60,"column":0},"end":{"line":60,"column":54}},"60":{"start":{"line":61,"column":0},"end":{"line":61,"column":29}},"61":{"start":{"line":62,"column":0},"end":{"line":62,"column":29}},"62":{"start":{"line":63,"column":0},"end":{"line":63,"column":18}},"63":{"start":{"line":64,"column":0},"end":{"line":64,"column":10}},"64":{"start":{"line":65,"column":0},"end":{"line":65,"column":78}},"65":{"start":{"line":66,"column":0},"end":{"line":66,"column":39}},"66":{"start":{"line":67,"column":0},"end":{"line":67,"column":4}},"67":{"start":{"line":68,"column":0},"end":{"line":68,"column":1}}},"s":{"0":1,"1":1,"2":1,"3":1,"4":1,"18":1,"19":15,"20":15,"21":15,"22":15,"23":15,"24":15,"26":14,"27":15,"29":8,"30":15,"32":5,"33":15,"34":4,"35":4,"38":14,"39":14,"40":14,"41":7,"42":14,"43":14,"44":14,"54":6,"55":6,"56":6,"57":6,"58":4,"59":4,"60":4,"61":4,"62":4,"63":4,"64":4,"65":4,"66":4,"67":4},"branchMap":{"0":{"type":"branch","line":19,"loc":{"start":{"line":19,"column":7},"end":{"line":36,"column":1}},"locations":[{"start":{"line":19,"column":7},"end":{"line":36,"column":1}}]},"1":{"type":"branch","line":25,"loc":{"start":{"line":25,"column":16},"end":{"line":25,"column":28}},"locations":[{"start":{"line":25,"column":16},"end":{"line":25,"column":28}}]},"2":{"type":"branch","line":25,"loc":{"start":{"line":25,"column":23},"end":{"line":28,"column":33}},"locations":[{"start":{"line":25,"column":23},"end":{"line":28,"column":33}}]},"3":{"type":"branch","line":28,"loc":{"start":{"line":28,"column":26},"end":{"line":28,"column":68}},"locations":[{"start":{"line":28,"column":26},"end":{"line":28,"column":68}}]},"4":{"type":"branch","line":28,"loc":{"start":{"line":28,"column":66},"end":{"line":31,"column":21}},"locations":[{"start":{"line":28,"column":66},"end":{"line":31,"column":21}}]},"5":{"type":"branch","line":31,"loc":{"start":{"line":31,"column":14},"end":{"line":31,"column":26}},"locations":[{"start":{"line":31,"column":14},"end":{"line":31,"column":26}}]},"6":{"type":"branch","line":31,"loc":{"start":{"line":31,"column":21},"end":{"line":34,"column":22}},"locations":[{"start":{"line":31,"column":21},"end":{"line":34,"column":22}}]},"7":{"type":"branch","line":34,"loc":{"start":{"line":34,"column":15},"end":{"line":34,"column":27}},"locations":[{"start":{"line":34,"column":15},"end":{"line":34,"column":27}}]},"8":{"type":"branch","line":34,"loc":{"start":{"line":34,"column":22},"end":{"line":36,"column":1}},"locations":[{"start":{"line":34,"column":22},"end":{"line":36,"column":1}}]},"9":{"type":"branch","line":39,"loc":{"start":{"line":39,"column":0},"end":{"line":45,"column":1}},"locations":[{"start":{"line":39,"column":0},"end":{"line":45,"column":1}}]},"10":{"type":"branch","line":41,"loc":{"start":{"line":41,"column":14},"end":{"line":43,"column":25}},"locations":[{"start":{"line":41,"column":14},"end":{"line":43,"column":25}}]},"11":{"type":"branch","line":43,"loc":{"start":{"line":43,"column":17},"end":{"line":43,"column":37}},"locations":[{"start":{"line":43,"column":17},"end":{"line":43,"column":37}}]},"12":{"type":"branch","line":43,"loc":{"start":{"line":43,"column":37},"end":{"line":43,"column":49}},"locations":[{"start":{"line":43,"column":37},"end":{"line":43,"column":49}}]},"13":{"type":"branch","line":43,"loc":{"start":{"line":43,"column":44},"end":{"line":44,"column":48}},"locations":[{"start":{"line":43,"column":44},"end":{"line":44,"column":48}}]},"14":{"type":"branch","line":44,"loc":{"start":{"line":44,"column":44},"end":{"line":44,"column":72}},"locations":[{"start":{"line":44,"column":44},"end":{"line":44,"column":72}}]},"15":{"type":"branch","line":44,"loc":{"start":{"line":44,"column":57},"end":{"line":44,"column":79}},"locations":[{"start":{"line":44,"column":57},"end":{"line":44,"column":79}}]},"16":{"type":"branch","line":55,"loc":{"start":{"line":55,"column":0},"end":{"line":68,"column":1}},"locations":[{"start":{"line":55,"column":0},"end":{"line":68,"column":1}}]},"17":{"type":"branch","line":58,"loc":{"start":{"line":58,"column":15},"end":{"line":58,"column":39}},"locations":[{"start":{"line":58,"column":15},"end":{"line":58,"column":39}}]},"18":{"type":"branch","line":58,"loc":{"start":{"line":58,"column":39},"end":{"line":58,"column":51}},"locations":[{"start":{"line":58,"column":39},"end":{"line":58,"column":51}}]},"19":{"type":"branch","line":58,"loc":{"start":{"line":58,"column":46},"end":{"line":68,"column":1}},"locations":[{"start":{"line":58,"column":46},"end":{"line":68,"column":1}}]}},"b":{"0":[15],"1":[1],"2":[14],"3":[6],"4":[8],"5":[3],"6":[5],"7":[1],"8":[4],"9":[14],"10":[7],"11":[6],"12":[1],"13":[6],"14":[1],"15":[5],"16":[6],"17":[5],"18":[2],"19":[4]},"fnMap":{"0":{"name":"quickConvert","decl":{"start":{"line":19,"column":7},"end":{"line":36,"column":1}},"loc":{"start":{"line":19,"column":7},"end":{"line":36,"column":1}},"line":19},"1":{"name":"parseZecInput","decl":{"start":{"line":39,"column":0},"end":{"line":45,"column":1}},"loc":{"start":{"line":39,"column":0},"end":{"line":45,"column":1}},"line":39},"2":{"name":"toFiat","decl":{"start":{"line":55,"column":0},"end":{"line":68,"column":1}},"loc":{"start":{"line":55,"column":0},"end":{"line":68,"column":1}},"line":55}},"f":{"0":15,"1":14,"2":6}}
,"/Users/max.desalle/zentat/src/lib/training.ts": {"path":"/Users/max.desalle/zentat/src/lib/training.ts","all":false,"statementMap":{"0":{"start":{"line":1,"column":0},"end":{"line":1,"column":58}},"29":{"start":{"line":30,"column":0},"end":{"line":30,"column":47}},"30":{"start":{"line":31,"column":0},"end":{"line":31,"column":61}},"31":{"start":{"line":32,"column":0},"end":{"line":32,"column":63}},"32":{"start":{"line":33,"column":0},"end":{"line":33,"column":64}},"33":{"start":{"line":34,"column":0},"end":{"line":34,"column":63}},"34":{"start":{"line":35,"column":0},"end":{"line":35,"column":66}},"35":{"start":{"line":36,"column":0},"end":{"line":36,"column":68}},"36":{"start":{"line":37,"column":0},"end":{"line":37,"column":70}},"37":{"start":{"line":38,"column":0},"end":{"line":38,"column":66}},"38":{"start":{"line":39,"column":0},"end":{"line":39,"column":65}},"39":{"start":{"line":40,"column":0},"end":{"line":40,"column":70}},"40":{"start":{"line":41,"column":0},"end":{"line":41,"column":64}},"41":{"start":{"line":42,"column":0},"end":{"line":42,"column":2}},"50":{"start":{"line":51,"column":0},"end":{"line":51,"column":29}},"51":{"start":{"line":52,"column":0},"end":{"line":52,"column":19}},"52":{"start":{"line":53,"column":0},"end":{"line":53,"column":19}},"53":{"start":{"line":54,"column":0},"end":{"line":54,"column":25}},"54":{"start":{"line":55,"column":0},"end":{"line":55,"column":19}},"55":{"start":{"line":56,"column":0},"end":{"line":56,"column":20}},"56":{"start":{"line":57,"column":0},"end":{"line":57,"column":19}},"57":{"start":{"line":58,"column":0},"end":{"line":58,"column":40}},"58":{"start":{"line":59,"column":0},"end":{"line":59,"column":42}},"59":{"start":{"line":60,"column":0},"end":{"line":60,"column":40}},"61":{"start":{"line":62,"column":0},"end":{"line":62,"column":68}},"62":{"start":{"line":63,"column":0},"end":{"line":63,"column":61}},"63":{"start":{"line":64,"column":0},"end":{"line":64,"column":80}},"64":{"start":{"line":65,"column":0},"end":{"line":65,"column":1}},"83":{"start":{"line":84,"column":0},"end":{"line":84,"column":73}},"84":{"start":{"line":85,"column":0},"end":{"line":85,"column":49}},"86":{"start":{"line":87,"column":0},"end":{"line":87,"column":31}},"87":{"start":{"line":88,"column":0},"end":{"line":88,"column":26}},"89":{"start":{"line":90,"column":0},"end":{"line":90,"column":59}},"90":{"start":{"line":91,"column":0},"end":{"line":91,"column":63}},"92":{"start":{"line":93,"column":0},"end":{"line":93,"column":30}},"93":{"start":{"line":94,"column":0},"end":{"line":94,"column":28}},"94":{"start":{"line":95,"column":0},"end":{"line":95,"column":15}},"95":{"start":{"line":96,"column":0},"end":{"line":96,"column":17}},"96":{"start":{"line":97,"column":0},"end":{"line":97,"column":13}},"97":{"start":{"line":98,"column":0},"end":{"line":98,"column":16}},"98":{"start":{"line":99,"column":0},"end":{"line":99,"column":21}},"99":{"start":{"line":100,"column":0},"end":{"line":100,"column":16}},"101":{"start":{"line":102,"column":0},"end":{"line":102,"column":36}},"102":{"start":{"line":103,"column":0},"end":{"line":103,"column":1}},"112":{"start":{"line":113,"column":0},"end":{"line":113,"column":49}},"113":{"start":{"line":114,"column":0},"end":{"line":114,"column":14}},"114":{"start":{"line":115,"column":0},"end":{"line":115,"column":17}},"115":{"start":{"line":116,"column":0},"end":{"line":116,"column":12}},"116":{"start":{"line":117,"column":0},"end":{"line":117,"column":16}},"117":{"start":{"line":118,"column":0},"end":{"line":118,"column":2}},"119":{"start":{"line":120,"column":0},"end":{"line":120,"column":91}},"120":{"start":{"line":121,"column":0},"end":{"line":121,"column":72}},"121":{"start":{"line":122,"column":0},"end":{"line":122,"column":48}},"122":{"start":{"line":123,"column":0},"end":{"line":123,"column":10}},"123":{"start":{"line":124,"column":0},"end":{"line":124,"column":36}},"124":{"start":{"line":125,"column":0},"end":{"line":125,"column":53}},"125":{"start":{"line":126,"column":0},"end":{"line":126,"column":11}},"126":{"start":{"line":127,"column":0},"end":{"line":127,"column":54}},"127":{"start":{"line":128,"column":0},"end":{"line":128,"column":4}},"128":{"start":{"line":129,"column":0},"end":{"line":129,"column":1}},"131":{"start":{"line":132,"column":0},"end":{"line":132,"column":69}},"132":{"start":{"line":133,"column":0},"end":{"line":133,"column":43}},"133":{"start":{"line":134,"column":0},"end":{"line":134,"column":50}},"134":{"start":{"line":135,"column":0},"end":{"line":135,"column":1}}},"s":{"0":1,"29":1,"30":1,"31":1,"32":1,"33":1,"34":1,"35":1,"36":1,"37":1,"38":1,"39":1,"40":1,"41":1,"50":1,"51":43,"52":43,"53":43,"54":43,"55":43,"56":43,"57":0,"58":43,"59":43,"61":42,"62":42,"63":42,"64":42,"83":1,"84":24,"86":21,"87":21,"89":21,"90":21,"92":21,"93":21,"94":5,"95":16,"96":3,"97":13,"98":4,"99":9,"101":24,"102":24,"112":1,"113":1,"114":1,"115":1,"116":1,"117":1,"119":1,"120":5,"121":5,"122":5,"123":5,"124":5,"125":5,"126":5,"127":5,"128":5,"131":1,"132":2,"133":1,"134":1},"branchMap":{"0":{"type":"branch","line":51,"loc":{"start":{"line":51,"column":7},"end":{"line":65,"column":1}},"locations":[{"start":{"line":51,"column":7},"end":{"line":65,"column":1}}]},"1":{"type":"branch","line":57,"loc":{"start":{"line":57,"column":15},"end":{"line":58,"column":40}},"locations":[{"start":{"line":57,"column":15},"end":{"line":58,"column":40}}]},"2":{"type":"branch","line":60,"loc":{"start":{"line":60,"column":7},"end":{"line":60,"column":28}},"locations":[{"start":{"line":60,"column":7},"end":{"line":60,"column":28}}]},"3":{"type":"branch","line":60,"loc":{"start":{"line":60,"column":28},"end":{"line":60,"column":40}},"locations":[{"start":{"line":60,"column":28},"end":{"line":60,"column":40}}]},"4":{"type":"branch","line":60,"loc":{"start":{"line":60,"column":35},"end":{"line":65,"column":1}},"locations":[{"start":{"line":60,"column":35},"end":{"line":65,"column":1}}]},"5":{"type":"branch","line":62,"loc":{"start":{"line":62,"column":37},"end":{"line":62,"column":66}},"locations":[{"start":{"line":62,"column":37},"end":{"line":62,"column":66}}]},"6":{"type":"branch","line":84,"loc":{"start":{"line":84,"column":7},"end":{"line":103,"column":1}},"locations":[{"start":{"line":84,"column":7},"end":{"line":103,"column":1}}]},"7":{"type":"branch","line":85,"loc":{"start":{"line":85,"column":16},"end":{"line":85,"column":37}},"locations":[{"start":{"line":85,"column":16},"end":{"line":85,"column":37}}]},"8":{"type":"branch","line":85,"loc":{"start":{"line":85,"column":37},"end":{"line":85,"column":49}},"locations":[{"start":{"line":85,"column":37},"end":{"line":85,"column":49}}]},"9":{"type":"branch","line":85,"loc":{"start":{"line":85,"column":44},"end":{"line":94,"column":28}},"locations":[{"start":{"line":85,"column":44},"end":{"line":94,"column":28}}]},"10":{"type":"branch","line":94,"loc":{"start":{"line":94,"column":25},"end":{"line":95,"column":15}},"locations":[{"start":{"line":94,"column":25},"end":{"line":95,"column":15}}]},"11":{"type":"branch","line":95,"loc":{"start":{"line":95,"column":6},"end":{"line":100,"column":16}},"locations":[{"start":{"line":95,"column":6},"end":{"line":100,"column":16}}]},"12":{"type":"branch","line":96,"loc":{"start":{"line":96,"column":13},"end":{"line":97,"column":13}},"locations":[{"start":{"line":96,"column":13},"end":{"line":97,"column":13}}]},"13":{"type":"branch","line":97,"loc":{"start":{"line":97,"column":6},"end":{"line":100,"column":16}},"locations":[{"start":{"line":97,"column":6},"end":{"line":100,"column":16}}]},"14":{"type":"branch","line":98,"loc":{"start":{"line":98,"column":13},"end":{"line":99,"column":21}},"locations":[{"start":{"line":98,"column":13},"end":{"line":99,"column":21}}]},"15":{"type":"branch","line":99,"loc":{"start":{"line":99,"column":6},"end":{"line":100,"column":16}},"locations":[{"start":{"line":99,"column":6},"end":{"line":100,"column":16}}]},"16":{"type":"branch","line":120,"loc":{"start":{"line":120,"column":7},"end":{"line":129,"column":1}},"locations":[{"start":{"line":120,"column":7},"end":{"line":129,"column":1}}]},"17":{"type":"branch","line":121,"loc":{"start":{"line":121,"column":33},"end":{"line":121,"column":72}},"locations":[{"start":{"line":121,"column":33},"end":{"line":121,"column":72}}]},"18":{"type":"branch","line":122,"loc":{"start":{"line":122,"column":17},"end":{"line":122,"column":46}},"locations":[{"start":{"line":122,"column":17},"end":{"line":122,"column":46}}]},"19":{"type":"branch","line":122,"loc":{"start":{"line":122,"column":42},"end":{"line":122,"column":48}},"locations":[{"start":{"line":122,"column":42},"end":{"line":122,"column":48}}]},"20":{"type":"branch","line":132,"loc":{"start":{"line":132,"column":7},"end":{"line":135,"column":1}},"locations":[{"start":{"line":132,"column":7},"end":{"line":135,"column":1}}]},"21":{"type":"branch","line":133,"loc":{"start":{"line":133,"column":31},"end":{"line":135,"column":1}},"locations":[{"start":{"line":133,"column":31},"end":{"line":135,"column":1}}]}},"b":{"0":[43],"1":[0],"2":[42],"3":[1],"4":[42],"5":[462],"6":[24],"7":[22],"8":[3],"9":[21],"10":[5],"11":[16],"12":[3],"13":[13],"14":[4],"15":[9],"16":[5],"17":[3],"18":[3],"19":[2],"20":[2],"21":[1]},"fnMap":{"0":{"name":"nextQuestion","decl":{"start":{"line":51,"column":7},"end":{"line":65,"column":1}},"loc":{"start":{"line":51,"column":7},"end":{"line":65,"column":1}},"line":51},"1":{"name":"scoreGuess","decl":{"start":{"line":84,"column":7},"end":{"line":103,"column":1}},"loc":{"start":{"line":84,"column":7},"end":{"line":103,"column":1}},"line":84},"2":{"name":"recordAttempt","decl":{"start":{"line":120,"column":7},"end":{"line":129,"column":1}},"loc":{"start":{"line":120,"column":7},"end":{"line":129,"column":1}},"line":120},"3":{"name":"accuracy","decl":{"start":{"line":132,"column":7},"end":{"line":135,"column":1}},"loc":{"start":{"line":132,"column":7},"end":{"line":135,"column":1}},"line":132}},"f":{"0":43,"1":24,"2":5,"3":2}}
,"/Users/max.desalle/zentat/src/lib/weaning.ts": {"path":"/Users/max.desalle/zentat/src/lib/weaning.ts","all":false,"statementMap":{"0":{"start":{"line":17,"column":0},"end":{"line":17,"column":60}},"1":{"start":{"line":18,"column":0},"end":{"line":18,"column":30}},"2":{"start":{"line":19,"column":0},"end":{"line":19,"column":31}},"3":{"start":{"line":20,"column":0},"end":{"line":20,"column":34}},"4":{"start":{"line":21,"column":0},"end":{"line":21,"column":31}},"5":{"start":{"line":22,"column":0},"end":{"line":22,"column":2}},"6":{"start":{"line":24,"column":0},"end":{"line":24,"column":35}},"7":{"start":{"line":26,"column":0},"end":{"line":26,"column":83}},"8":{"start":{"line":27,"column":0},"end":{"line":27,"column":53}},"9":{"start":{"line":28,"column":0},"end":{"line":28,"column":42}},"10":{"start":{"line":30,"column":0},"end":{"line":30,"column":34}},"11":{"start":{"line":31,"column":0},"end":{"line":31,"column":33}},"12":{"start":{"line":32,"column":0},"end":{"line":32,"column":47}},"13":{"start":{"line":33,"column":0},"end":{"line":33,"column":3}},"14":{"start":{"line":34,"column":0},"end":{"line":34,"column":15}},"15":{"start":{"line":35,"column":0},"end":{"line":35,"column":1}},"16":{"start":{"line":38,"column":0},"end":{"line":38,"column":93}},"17":{"start":{"line":39,"column":0},"end":{"line":39,"column":30}},"18":{"start":{"line":40,"column":0},"end":{"line":40,"column":42}},"19":{"start":{"line":41,"column":0},"end":{"line":41,"column":58}},"20":{"start":{"line":42,"column":0},"end":{"line":42,"column":50}},"21":{"start":{"line":43,"column":0},"end":{"line":43,"column":1}},"22":{"start":{"line":45,"column":0},"end":{"line":45,"column":57}},"23":{"start":{"line":46,"column":0},"end":{"line":46,"column":18}},"24":{"start":{"line":47,"column":0},"end":{"line":47,"column":18}},"25":{"start":{"line":48,"column":0},"end":{"line":48,"column":47}},"26":{"start":{"line":49,"column":0},"end":{"line":49,"column":19}},"27":{"start":{"line":50,"column":0},"end":{"line":50,"column":75}},"28":{"start":{"line":51,"column":0},"end":{"line":51,"column":21}},"29":{"start":{"line":52,"column":0},"end":{"line":52,"column":50}},"30":{"start":{"line":53,"column":0},"end":{"line":53,"column":18}},"31":{"start":{"line":54,"column":0},"end":{"line":54,"column":84}},"32":{"start":{"line":55,"column":0},"end":{"line":55,"column":3}},"33":{"start":{"line":56,"column":0},"end":{"line":56,"column":1}}},"s":{"0":2,"1":2,"2":2,"3":2,"4":2,"5":2,"6":2,"7":2,"8":10,"9":8,"10":8,"11":10,"12":32,"13":32,"14":8,"15":8,"16":2,"17":4,"18":3,"19":3,"20":4,"21":4,"22":2,"23":4,"24":4,"25":1,"26":4,"27":1,"28":4,"29":1,"30":4,"31":1,"32":4,"33":4},"branchMap":{"0":{"type":"branch","line":26,"loc":{"start":{"line":26,"column":7},"end":{"line":35,"column":1}},"locations":[{"start":{"line":26,"column":7},"end":{"line":35,"column":1}}]},"1":{"type":"branch","line":27,"loc":{"start":{"line":27,"column":7},"end":{"line":27,"column":37}},"locations":[{"start":{"line":27,"column":7},"end":{"line":27,"column":37}}]},"2":{"type":"branch","line":27,"loc":{"start":{"line":27,"column":37},"end":{"line":27,"column":53}},"locations":[{"start":{"line":27,"column":37},"end":{"line":27,"column":53}}]},"3":{"type":"branch","line":27,"loc":{"start":{"line":27,"column":44},"end":{"line":31,"column":32}},"locations":[{"start":{"line":27,"column":44},"end":{"line":31,"column":32}}]},"4":{"type":"branch","line":31,"loc":{"start":{"line":31,"column":32},"end":{"line":33,"column":3}},"locations":[{"start":{"line":31,"column":32},"end":{"line":33,"column":3}}]},"5":{"type":"branch","line":32,"loc":{"start":{"line":32,"column":27},"end":{"line":32,"column":47}},"locations":[{"start":{"line":32,"column":27},"end":{"line":32,"column":47}}]},"6":{"type":"branch","line":33,"loc":{"start":{"line":33,"column":2},"end":{"line":35,"column":1}},"locations":[{"start":{"line":33,"column":2},"end":{"line":35,"column":1}}]},"7":{"type":"branch","line":38,"loc":{"start":{"line":38,"column":7},"end":{"line":43,"column":1}},"locations":[{"start":{"line":38,"column":7},"end":{"line":43,"column":1}}]},"8":{"type":"branch","line":39,"loc":{"start":{"line":39,"column":18},"end":{"line":39,"column":30}},"locations":[{"start":{"line":39,"column":18},"end":{"line":39,"column":30}}]},"9":{"type":"branch","line":39,"loc":{"start":{"line":39,"column":25},"end":{"line":42,"column":16}},"locations":[{"start":{"line":39,"column":25},"end":{"line":42,"column":16}}]},"10":{"type":"branch","line":42,"loc":{"start":{"line":42,"column":9},"end":{"line":42,"column":45}},"locations":[{"start":{"line":42,"column":9},"end":{"line":42,"column":45}}]},"11":{"type":"branch","line":42,"loc":{"start":{"line":42,"column":41},"end":{"line":42,"column":50}},"locations":[{"start":{"line":42,"column":41},"end":{"line":42,"column":50}}]},"12":{"type":"branch","line":41,"loc":{"start":{"line":41,"column":29},"end":{"line":41,"column":56}},"locations":[{"start":{"line":41,"column":29},"end":{"line":41,"column":56}}]},"13":{"type":"branch","line":45,"loc":{"start":{"line":45,"column":7},"end":{"line":56,"column":1}},"locations":[{"start":{"line":45,"column":7},"end":{"line":56,"column":1}}]},"14":{"type":"branch","line":47,"loc":{"start":{"line":47,"column":4},"end":{"line":48,"column":47}},"locations":[{"start":{"line":47,"column":4},"end":{"line":48,"column":47}}]},"15":{"type":"branch","line":49,"loc":{"start":{"line":49,"column":4},"end":{"line":50,"column":75}},"locations":[{"start":{"line":49,"column":4},"end":{"line":50,"column":75}}]},"16":{"type":"branch","line":51,"loc":{"start":{"line":51,"column":4},"end":{"line":52,"column":50}},"locations":[{"start":{"line":51,"column":4},"end":{"line":52,"column":50}}]},"17":{"type":"branch","line":53,"loc":{"start":{"line":53,"column":4},"end":{"line":54,"column":84}},"locations":[{"start":{"line":53,"column":4},"end":{"line":54,"column":84}}]}},"b":{"0":[10],"1":[9],"2":[2],"3":[8],"4":[32],"5":[20],"6":[8],"7":[4],"8":[1],"9":[3],"10":[2],"11":[1],"12":[8],"13":[4],"14":[1],"15":[1],"16":[1],"17":[1]},"fnMap":{"0":{"name":"weanStage","decl":{"start":{"line":26,"column":7},"end":{"line":35,"column":1}},"loc":{"start":{"line":26,"column":7},"end":{"line":35,"column":1}},"line":26},"1":{"name":"daysToNextStage","decl":{"start":{"line":38,"column":7},"end":{"line":43,"column":1}},"loc":{"start":{"line":38,"column":7},"end":{"line":43,"column":1}},"line":38},"2":{"name":"describeStage","decl":{"start":{"line":45,"column":7},"end":{"line":56,"column":1}},"loc":{"start":{"line":45,"column":7},"end":{"line":56,"column":1}},"line":45}},"f":{"0":10,"1":4,"2":4}}
,"/Users/max.desalle/zentat/src/lib/zip321.ts": {"path":"/Users/max.desalle/zentat/src/lib/zip321.ts","all":false,"statementMap":{"0":{"start":{"line":16,"column":0},"end":{"line":16,"column":40}},"1":{"start":{"line":17,"column":0},"end":{"line":17,"column":27}},"2":{"start":{"line":18,"column":0},"end":{"line":18,"column":27}},"3":{"start":{"line":22,"column":0},"end":{"line":22,"column":65}},"4":{"start":{"line":24,"column":0},"end":{"line":24,"column":61}},"5":{"start":{"line":25,"column":0},"end":{"line":25,"column":72}},"6":{"start":{"line":26,"column":0},"end":{"line":26,"column":1}},"7":{"start":{"line":28,"column":0},"end":{"line":28,"column":58}},"8":{"start":{"line":29,"column":0},"end":{"line":29,"column":94}},"9":{"start":{"line":30,"column":0},"end":{"line":30,"column":92}},"10":{"start":{"line":31,"column":0},"end":{"line":31,"column":21}},"11":{"start":{"line":32,"column":0},"end":{"line":32,"column":1}},"12":{"start":{"line":38,"column":0},"end":{"line":38,"column":61}},"13":{"start":{"line":39,"column":0},"end":{"line":39,"column":70}},"14":{"start":{"line":40,"column":0},"end":{"line":40,"column":46}},"15":{"start":{"line":41,"column":0},"end":{"line":41,"column":29}},"16":{"start":{"line":42,"column":0},"end":{"line":42,"column":48}},"17":{"start":{"line":43,"column":0},"end":{"line":43,"column":83}},"18":{"start":{"line":44,"column":0},"end":{"line":44,"column":59}},"19":{"start":{"line":45,"column":0},"end":{"line":45,"column":1}},"20":{"start":{"line":52,"column":0},"end":{"line":52,"column":45}},"21":{"start":{"line":53,"column":0},"end":{"line":53,"column":35}},"22":{"start":{"line":54,"column":0},"end":{"line":54,"column":1}},"23":{"start":{"line":57,"column":0},"end":{"line":57,"column":57}},"24":{"start":{"line":58,"column":0},"end":{"line":58,"column":47}},"25":{"start":{"line":59,"column":0},"end":{"line":59,"column":49}},"26":{"start":{"line":60,"column":0},"end":{"line":60,"column":18}},"27":{"start":{"line":61,"column":0},"end":{"line":61,"column":64}},"28":{"start":{"line":62,"column":0},"end":{"line":62,"column":81}},"29":{"start":{"line":63,"column":0},"end":{"line":63,"column":1}},"30":{"start":{"line":80,"column":0},"end":{"line":80,"column":73}},"31":{"start":{"line":81,"column":0},"end":{"line":81,"column":63}},"32":{"start":{"line":82,"column":0},"end":{"line":82,"column":44}},"33":{"start":{"line":84,"column":0},"end":{"line":84,"column":44}},"34":{"start":{"line":85,"column":0},"end":{"line":85,"column":35}},"35":{"start":{"line":88,"column":0},"end":{"line":88,"column":55}},"36":{"start":{"line":90,"column":0},"end":{"line":90,"column":38}},"37":{"start":{"line":91,"column":0},"end":{"line":91,"column":13}},"38":{"start":{"line":92,"column":0},"end":{"line":92,"column":37}},"39":{"start":{"line":93,"column":0},"end":{"line":93,"column":38}},"40":{"start":{"line":94,"column":0},"end":{"line":94,"column":35}},"41":{"start":{"line":95,"column":0},"end":{"line":95,"column":3}},"42":{"start":{"line":96,"column":0},"end":{"line":96,"column":56}},"43":{"start":{"line":97,"column":0},"end":{"line":97,"column":62}},"44":{"start":{"line":102,"column":0},"end":{"line":102,"column":48}},"45":{"start":{"line":103,"column":0},"end":{"line":103,"column":1}},"46":{"start":{"line":107,"column":0},"end":{"line":107,"column":57}},"47":{"start":{"line":108,"column":0},"end":{"line":108,"column":34}},"48":{"start":{"line":109,"column":0},"end":{"line":109,"column":32}},"49":{"start":{"line":110,"column":0},"end":{"line":110,"column":81}},"50":{"start":{"line":111,"column":0},"end":{"line":111,"column":4}},"51":{"start":{"line":112,"column":0},"end":{"line":112,"column":45}},"52":{"start":{"line":113,"column":0},"end":{"line":113,"column":56}},"53":{"start":{"line":114,"column":0},"end":{"line":114,"column":3}},"54":{"start":{"line":115,"column":0},"end":{"line":115,"column":20}},"55":{"start":{"line":116,"column":0},"end":{"line":116,"column":1}}},"s":{"0":2,"1":2,"2":2,"3":2,"4":2,"5":5,"6":5,"7":2,"8":21,"9":2,"10":2,"11":21,"12":2,"13":21,"14":17,"15":21,"16":16,"17":16,"18":21,"19":21,"20":7,"21":7,"22":7,"23":2,"24":4,"25":4,"26":2,"27":4,"28":2,"29":2,"30":2,"31":14,"32":14,"33":12,"34":14,"35":14,"36":11,"37":14,"38":1,"39":1,"40":1,"41":1,"42":14,"43":14,"44":11,"45":11,"46":2,"47":8,"48":8,"49":8,"50":8,"51":8,"52":7,"53":7,"54":8,"55":8},"branchMap":{"0":{"type":"branch","line":28,"loc":{"start":{"line":28,"column":7},"end":{"line":32,"column":1}},"locations":[{"start":{"line":28,"column":7},"end":{"line":32,"column":1}}]},"1":{"type":"branch","line":29,"loc":{"start":{"line":29,"column":93},"end":{"line":31,"column":21}},"locations":[{"start":{"line":29,"column":93},"end":{"line":31,"column":21}}]},"2":{"type":"branch","line":38,"loc":{"start":{"line":38,"column":7},"end":{"line":45,"column":1}},"locations":[{"start":{"line":38,"column":7},"end":{"line":45,"column":1}}]},"3":{"type":"branch","line":39,"loc":{"start":{"line":39,"column":58},"end":{"line":39,"column":70}},"locations":[{"start":{"line":39,"column":58},"end":{"line":39,"column":70}}]},"4":{"type":"branch","line":41,"loc":{"start":{"line":41,"column":17},"end":{"line":41,"column":29}},"locations":[{"start":{"line":41,"column":17},"end":{"line":41,"column":29}}]},"5":{"type":"branch","line":44,"loc":{"start":{"line":44,"column":40},"end":{"line":44,"column":59}},"locations":[{"start":{"line":44,"column":40},"end":{"line":44,"column":59}}]},"6":{"type":"branch","line":52,"loc":{"start":{"line":52,"column":0},"end":{"line":54,"column":1}},"locations":[{"start":{"line":52,"column":0},"end":{"line":54,"column":1}}]},"7":{"type":"branch","line":80,"loc":{"start":{"line":80,"column":7},"end":{"line":103,"column":1}},"locations":[{"start":{"line":80,"column":7},"end":{"line":103,"column":1}}]},"8":{"type":"branch","line":82,"loc":{"start":{"line":82,"column":32},"end":{"line":82,"column":44}},"locations":[{"start":{"line":82,"column":32},"end":{"line":82,"column":44}}]},"9":{"type":"branch","line":85,"loc":{"start":{"line":85,"column":23},"end":{"line":85,"column":35}},"locations":[{"start":{"line":85,"column":23},"end":{"line":85,"column":35}}]},"10":{"type":"branch","line":88,"loc":{"start":{"line":88,"column":6},"end":{"line":88,"column":43}},"locations":[{"start":{"line":88,"column":6},"end":{"line":88,"column":43}}]},"11":{"type":"branch","line":88,"loc":{"start":{"line":88,"column":43},"end":{"line":88,"column":55}},"locations":[{"start":{"line":88,"column":43},"end":{"line":88,"column":55}}]},"12":{"type":"branch","line":91,"loc":{"start":{"line":91,"column":12},"end":{"line":95,"column":3}},"locations":[{"start":{"line":91,"column":12},"end":{"line":95,"column":3}}]},"13":{"type":"branch","line":96,"loc":{"start":{"line":96,"column":13},"end":{"line":96,"column":56}},"locations":[{"start":{"line":96,"column":13},"end":{"line":96,"column":56}}]},"14":{"type":"branch","line":107,"loc":{"start":{"line":107,"column":7},"end":{"line":116,"column":1}},"locations":[{"start":{"line":107,"column":7},"end":{"line":116,"column":1}}]},"15":{"type":"branch","line":112,"loc":{"start":{"line":112,"column":26},"end":{"line":112,"column":44}},"locations":[{"start":{"line":112,"column":26},"end":{"line":112,"column":44}}]},"16":{"type":"branch","line":112,"loc":{"start":{"line":112,"column":44},"end":{"line":114,"column":3}},"locations":[{"start":{"line":112,"column":44},"end":{"line":114,"column":3}}]},"17":{"type":"branch","line":24,"loc":{"start":{"line":24,"column":7},"end":{"line":26,"column":1}},"locations":[{"start":{"line":24,"column":7},"end":{"line":26,"column":1}}]},"18":{"type":"branch","line":25,"loc":{"start":{"line":25,"column":32},"end":{"line":25,"column":70}},"locations":[{"start":{"line":25,"column":32},"end":{"line":25,"column":70}}]},"19":{"type":"branch","line":39,"loc":{"start":{"line":39,"column":26},"end":{"line":39,"column":43}},"locations":[{"start":{"line":39,"column":26},"end":{"line":39,"column":43}}]},"20":{"type":"branch","line":39,"loc":{"start":{"line":39,"column":38},"end":{"line":39,"column":58}},"locations":[{"start":{"line":39,"column":38},"end":{"line":39,"column":58}}]},"21":{"type":"branch","line":39,"loc":{"start":{"line":39,"column":65},"end":{"line":41,"column":24}},"locations":[{"start":{"line":39,"column":65},"end":{"line":41,"column":24}}]},"22":{"type":"branch","line":41,"loc":{"start":{"line":41,"column":24},"end":{"line":44,"column":20}},"locations":[{"start":{"line":41,"column":24},"end":{"line":44,"column":20}}]},"23":{"type":"branch","line":44,"loc":{"start":{"line":44,"column":9},"end":{"line":44,"column":45}},"locations":[{"start":{"line":44,"column":9},"end":{"line":44,"column":45}}]},"24":{"type":"branch","line":57,"loc":{"start":{"line":57,"column":7},"end":{"line":63,"column":1}},"locations":[{"start":{"line":57,"column":7},"end":{"line":63,"column":1}}]},"25":{"type":"branch","line":59,"loc":{"start":{"line":59,"column":37},"end":{"line":61,"column":38}},"locations":[{"start":{"line":59,"column":37},"end":{"line":61,"column":38}}]},"26":{"type":"branch","line":61,"loc":{"start":{"line":61,"column":28},"end":{"line":61,"column":64}},"locations":[{"start":{"line":61,"column":28},"end":{"line":61,"column":64}}]},"27":{"type":"branch","line":61,"loc":{"start":{"line":61,"column":62},"end":{"line":63,"column":1}},"locations":[{"start":{"line":61,"column":62},"end":{"line":63,"column":1}}]},"28":{"type":"branch","line":82,"loc":{"start":{"line":82,"column":39},"end":{"line":85,"column":30}},"locations":[{"start":{"line":82,"column":39},"end":{"line":85,"column":30}}]},"29":{"type":"branch","line":85,"loc":{"start":{"line":85,"column":30},"end":{"line":88,"column":14}},"locations":[{"start":{"line":85,"column":30},"end":{"line":88,"column":14}}]},"30":{"type":"branch","line":88,"loc":{"start":{"line":88,"column":50},"end":{"line":91,"column":12}},"locations":[{"start":{"line":88,"column":50},"end":{"line":91,"column":12}}]},"31":{"type":"branch","line":93,"loc":{"start":{"line":93,"column":26},"end":{"line":93,"column":38}},"locations":[{"start":{"line":93,"column":26},"end":{"line":93,"column":38}}]},"32":{"type":"branch","line":95,"loc":{"start":{"line":95,"column":2},"end":{"line":96,"column":20}},"locations":[{"start":{"line":95,"column":2},"end":{"line":96,"column":20}}]},"33":{"type":"branch","line":96,"loc":{"start":{"line":96,"column":54},"end":{"line":97,"column":22}},"locations":[{"start":{"line":96,"column":54},"end":{"line":97,"column":22}}]},"34":{"type":"branch","line":97,"loc":{"start":{"line":97,"column":15},"end":{"line":97,"column":62}},"locations":[{"start":{"line":97,"column":15},"end":{"line":97,"column":62}}]},"35":{"type":"branch","line":97,"loc":{"start":{"line":97,"column":60},"end":{"line":103,"column":1}},"locations":[{"start":{"line":97,"column":60},"end":{"line":103,"column":1}}]}},"b":{"0":[21],"1":[2],"2":[21],"3":[4],"4":[1],"5":[9],"6":[7],"7":[14],"8":[2],"9":[0],"10":[2],"11":[1],"12":[1],"13":[0],"14":[8],"15":[2],"16":[7],"17":[5],"18":[12],"19":[20],"20":[18],"21":[17],"22":[16],"23":[7],"24":[4],"25":[2],"26":[13],"27":[2],"28":[12],"29":[12],"30":[11],"31":[0],"32":[11],"33":[11],"34":[7],"35":[11]},"fnMap":{"0":{"name":"isShieldedAddress","decl":{"start":{"line":24,"column":7},"end":{"line":26,"column":1}},"loc":{"start":{"line":24,"column":7},"end":{"line":26,"column":1}},"line":24},"1":{"name":"isZcashAddress","decl":{"start":{"line":28,"column":7},"end":{"line":32,"column":1}},"loc":{"start":{"line":28,"column":7},"end":{"line":32,"column":1}},"line":28},"2":{"name":"serializeAmount","decl":{"start":{"line":38,"column":7},"end":{"line":45,"column":1}},"loc":{"start":{"line":38,"column":7},"end":{"line":45,"column":1}},"line":38},"3":{"name":"encodeValue","decl":{"start":{"line":52,"column":0},"end":{"line":54,"column":1}},"loc":{"start":{"line":52,"column":0},"end":{"line":54,"column":1}},"line":52},"4":{"name":"encodeMemo","decl":{"start":{"line":57,"column":7},"end":{"line":63,"column":1}},"loc":{"start":{"line":57,"column":7},"end":{"line":63,"column":1}},"line":57},"5":{"name":"buildPaymentUri","decl":{"start":{"line":80,"column":7},"end":{"line":103,"column":1}},"loc":{"start":{"line":80,"column":7},"end":{"line":103,"column":1}},"line":80},"6":{"name":"findAddressesIn","decl":{"start":{"line":107,"column":7},"end":{"line":116,"column":1}},"loc":{"start":{"line":107,"column":7},"end":{"line":116,"column":1}},"line":107}},"f":{"0":5,"1":21,"2":21,"3":7,"4":4,"5":14,"6":8}}
,"/Users/max.desalle/zentat/src/lib/conversion/convert.ts": {"path":"/Users/max.desalle/zentat/src/lib/conversion/convert.ts","all":false,"statementMap":{"0":{"start":{"line":2,"column":0},"end":{"line":2,"column":59}},"1":{"start":{"line":3,"column":0},"end":{"line":3,"column":68}},"2":{"start":{"line":4,"column":0},"end":{"line":4,"column":81}},"3":{"start":{"line":13,"column":0},"end":{"line":13,"column":29}},"4":{"start":{"line":14,"column":0},"end":{"line":14,"column":22}},"5":{"start":{"line":15,"column":0},"end":{"line":15,"column":19}},"6":{"start":{"line":16,"column":0},"end":{"line":16,"column":32}},"7":{"start":{"line":17,"column":0},"end":{"line":17,"column":36}},"8":{"start":{"line":19,"column":0},"end":{"line":19,"column":25}},"9":{"start":{"line":20,"column":0},"end":{"line":20,"column":28}},"10":{"start":{"line":21,"column":0},"end":{"line":21,"column":19}},"11":{"start":{"line":22,"column":0},"end":{"line":22,"column":60}},"12":{"start":{"line":23,"column":0},"end":{"line":23,"column":35}},"13":{"start":{"line":24,"column":0},"end":{"line":24,"column":38}},"14":{"start":{"line":28,"column":0},"end":{"line":28,"column":61}},"15":{"start":{"line":30,"column":0},"end":{"line":30,"column":41}},"16":{"start":{"line":33,"column":0},"end":{"line":33,"column":64}},"17":{"start":{"line":35,"column":0},"end":{"line":35,"column":10}},"18":{"start":{"line":36,"column":0},"end":{"line":36,"column":30}},"19":{"start":{"line":37,"column":0},"end":{"line":37,"column":14}},"20":{"start":{"line":38,"column":0},"end":{"line":38,"column":70}},"21":{"start":{"line":39,"column":0},"end":{"line":39,"column":30}},"22":{"start":{"line":40,"column":0},"end":{"line":40,"column":4}},"23":{"start":{"line":41,"column":0},"end":{"line":41,"column":1}}},"s":{"0":2,"1":2,"2":2,"3":2,"4":66,"5":66,"6":66,"7":66,"8":66,"9":66,"10":66,"11":6,"12":60,"13":66,"14":66,"15":62,"16":66,"17":60,"18":60,"19":60,"20":60,"21":60,"22":60,"23":60},"branchMap":{"0":{"type":"branch","line":13,"loc":{"start":{"line":13,"column":7},"end":{"line":41,"column":1}},"locations":[{"start":{"line":13,"column":7},"end":{"line":41,"column":1}}]},"1":{"type":"branch","line":21,"loc":{"start":{"line":21,"column":15},"end":{"line":22,"column":60}},"locations":[{"start":{"line":21,"column":15},"end":{"line":22,"column":60}}]},"2":{"type":"branch","line":22,"loc":{"start":{"line":22,"column":46},"end":{"line":22,"column":60}},"locations":[{"start":{"line":22,"column":46},"end":{"line":22,"column":60}}]},"3":{"type":"branch","line":22,"loc":{"start":{"line":22,"column":51},"end":{"line":23,"column":35}},"locations":[{"start":{"line":22,"column":51},"end":{"line":23,"column":35}}]},"4":{"type":"branch","line":24,"loc":{"start":{"line":24,"column":26},"end":{"line":24,"column":38}},"locations":[{"start":{"line":24,"column":26},"end":{"line":24,"column":38}}]},"5":{"type":"branch","line":28,"loc":{"start":{"line":28,"column":49},"end":{"line":28,"column":61}},"locations":[{"start":{"line":28,"column":49},"end":{"line":28,"column":61}}]},"6":{"type":"branch","line":33,"loc":{"start":{"line":33,"column":52},"end":{"line":33,"column":64}},"locations":[{"start":{"line":33,"column":52},"end":{"line":33,"column":64}}]},"7":{"type":"branch","line":24,"loc":{"start":{"line":24,"column":33},"end":{"line":28,"column":56}},"locations":[{"start":{"line":24,"column":33},"end":{"line":28,"column":56}}]},"8":{"type":"branch","line":28,"loc":{"start":{"line":28,"column":56},"end":{"line":33,"column":52}},"locations":[{"start":{"line":28,"column":56},"end":{"line":33,"column":52}}]},"9":{"type":"branch","line":28,"loc":{"start":{"line":28,"column":56},"end":{"line":33,"column":37}},"locations":[{"start":{"line":28,"column":56},"end":{"line":33,"column":37}}]},"10":{"type":"branch","line":33,"loc":{"start":{"line":33,"column":32},"end":{"line":33,"column":52}},"locations":[{"start":{"line":33,"column":32},"end":{"line":33,"column":52}}]},"11":{"type":"branch","line":33,"loc":{"start":{"line":33,"column":59},"end":{"line":41,"column":1}},"locations":[{"start":{"line":33,"column":59},"end":{"line":41,"column":1}}]}},"b":{"0":[66],"1":[6],"2":[1],"3":[60],"4":[3],"5":[1],"6":[2],"7":[63],"8":[65],"9":[62],"10":[61],"11":[60]},"fnMap":{"0":{"name":"convertPrice","decl":{"start":{"line":13,"column":7},"end":{"line":41,"column":1}},"loc":{"start":{"line":13,"column":7},"end":{"line":41,"column":1}},"line":13}},"f":{"0":66}}
,"/Users/max.desalle/zentat/src/lib/conversion/format.ts": {"path":"/Users/max.desalle/zentat/src/lib/conversion/format.ts","all":false,"statementMap":{"0":{"start":{"line":9,"column":0},"end":{"line":9,"column":40}},"1":{"start":{"line":14,"column":0},"end":{"line":14,"column":33}},"2":{"start":{"line":28,"column":0},"end":{"line":28,"column":43}},"3":{"start":{"line":37,"column":0},"end":{"line":37,"column":54}},"4":{"start":{"line":38,"column":0},"end":{"line":38,"column":58}},"5":{"start":{"line":39,"column":0},"end":{"line":39,"column":30}},"6":{"start":{"line":40,"column":0},"end":{"line":40,"column":20}},"7":{"start":{"line":41,"column":0},"end":{"line":41,"column":11}},"8":{"start":{"line":42,"column":0},"end":{"line":42,"column":3}},"9":{"start":{"line":43,"column":0},"end":{"line":43,"column":73}},"10":{"start":{"line":44,"column":0},"end":{"line":44,"column":1}},"11":{"start":{"line":46,"column":0},"end":{"line":46,"column":39}},"12":{"start":{"line":47,"column":0},"end":{"line":47,"column":18}},"13":{"start":{"line":48,"column":0},"end":{"line":48,"column":1}},"14":{"start":{"line":53,"column":0},"end":{"line":53,"column":67}},"15":{"start":{"line":54,"column":0},"end":{"line":54,"column":22}},"16":{"start":{"line":55,"column":0},"end":{"line":55,"column":12}},"17":{"start":{"line":62,"column":0},"end":{"line":62,"column":68}},"18":{"start":{"line":63,"column":0},"end":{"line":63,"column":30}},"19":{"start":{"line":64,"column":0},"end":{"line":64,"column":1}},"20":{"start":{"line":66,"column":0},"end":{"line":66,"column":64}},"21":{"start":{"line":67,"column":0},"end":{"line":67,"column":40}},"22":{"start":{"line":68,"column":0},"end":{"line":68,"column":36}},"23":{"start":{"line":69,"column":0},"end":{"line":69,"column":36}},"24":{"start":{"line":70,"column":0},"end":{"line":70,"column":23}},"25":{"start":{"line":71,"column":0},"end":{"line":71,"column":20}},"26":{"start":{"line":72,"column":0},"end":{"line":72,"column":1}},"27":{"start":{"line":90,"column":0},"end":{"line":90,"column":82}},"28":{"start":{"line":91,"column":0},"end":{"line":91,"column":31}},"29":{"start":{"line":92,"column":0},"end":{"line":92,"column":89}},"30":{"start":{"line":93,"column":0},"end":{"line":93,"column":3}},"31":{"start":{"line":94,"column":0},"end":{"line":94,"column":29}},"32":{"start":{"line":95,"column":0},"end":{"line":95,"column":89}},"33":{"start":{"line":96,"column":0},"end":{"line":96,"column":24}},"34":{"start":{"line":97,"column":0},"end":{"line":97,"column":44}},"35":{"start":{"line":98,"column":0},"end":{"line":98,"column":5}},"36":{"start":{"line":100,"column":0},"end":{"line":100,"column":3}},"37":{"start":{"line":103,"column":0},"end":{"line":103,"column":24}},"38":{"start":{"line":
[...]
"line":92,"column":1}}]},"19":{"type":"branch","line":96,"loc":{"start":{"line":96,"column":56},"end":{"line":96,"column":76}},"locations":[{"start":{"line":96,"column":56},"end":{"line":96,"column":76}}]},"20":{"type":"branch","line":97,"loc":{"start":{"line":97,"column":9},"end":{"line":97,"column":32}},"locations":[{"start":{"line":97,"column":9},"end":{"line":97,"column":32}}]},"21":{"type":"branch","line":106,"loc":{"start":{"line":106,"column":63},"end":{"line":108,"column":1}},"locations":[{"start":{"line":106,"column":63},"end":{"line":108,"column":1}}]},"22":{"type":"branch","line":117,"loc":{"start":{"line":117,"column":7},"end":{"line":136,"column":1}},"locations":[{"start":{"line":117,"column":7},"end":{"line":136,"column":1}}]},"23":{"type":"branch","line":123,"loc":{"start":{"line":123,"column":49},"end":{"line":125,"column":3}},"locations":[{"start":{"line":123,"column":49},"end":{"line":125,"column":3}}]}},"b":{"0":[97],"1":[10],"2":[1],"3":[94],"4":[1],"5":[26],"6":[28],"7":[2],"8":[2],"9":[1],"10":[2],"11":[3],"12":[1],"13":[3],"14":[3],"15":[1],"16":[4],"17":[1],"18":[3],"19":[88],"20":[96],"21":[93],"22":[5],"23":[11]},"fnMap":{"0":{"name":"getHeldRate","decl":{"start":{"line":53,"column":0},"end":{"line":55,"column":1}},"loc":{"start":{"line":53,"column":0},"end":{"line":55,"column":1}},"line":53},"1":{"name":"setHeldRate","decl":{"start":{"line":57,"column":0},"end":{"line":59,"column":1}},"loc":{"start":{"line":57,"column":0},"end":{"line":59,"column":1}},"line":57},"2":{"name":"watchHeldRate","decl":{"start":{"line":61,"column":7},"end":{"line":63,"column":1}},"loc":{"start":{"line":61,"column":7},"end":{"line":63,"column":1}},"line":61},"3":{"name":"getRates","decl":{"start":{"line":65,"column":0},"end":{"line":67,"column":1}},"loc":{"start":{"line":65,"column":0},"end":{"line":67,"column":1}},"line":65},"4":{"name":"setRates","decl":{"start":{"line":69,"column":0},"end":{"line":71,"column":1}},"loc":{"start":{"line":69,"column":0},"end":{"line":71,"column":1}},"line":69},"5":{"name":"watchRates","decl":{"start":{"line":73,"column":7},"end":{"line":75,"column":1}},"loc":{"start":{"line":73,"column":7},"end":{"line":75,"column":1}},"line":73},"6":{"name":"getFetchStatus","decl":{"start":{"line":77,"column":0},"end":{"line":79,"column":1}},"loc":{"start":{"line":77,"column":0},"end":{"line":79,"column":1}},"line":77},"7":{"name":"setFetchStatus","decl":{"start":{"line":81,"column":0},"end":{"line":83,"column":1}},"loc":{"start":{"line":81,"column":0},"end":{"line":83,"column":1}},"line":81},"8":{"name":"watchFetchStatus","decl":{"start":{"line":85,"column":7},"end":{"line":87,"column":1}},"loc":{"start":{"line":85,"column":7},"end":{"line":87,"column":1}},"line":85},"9":{"name":"isRatesStale","decl":{"start":{"line":89,"column":7},"end":{"line":92,"column":1}},"loc":{"start":{"line":89,"column":7},"end":{"line":92,"column":1}},"line":89},"10":{"name":"rateAge","decl":{"start":{"line":95,"column":7},"end":{"line":98,"column":1}},"loc":{"start":{"line":95,"column":7},"end":{"line":98,"column":1}},"line":95},"11":{"name":"isCurrencyUsable","decl":{"start":{"line":105,"column":7},"end":{"line":108,"column":1}},"loc":{"start":{"line":105,"column":7},"end":{"line":108,"column":1}},"line":105},"12":{"name":"isRatesUsable","decl":{"start":{"line":110,"column":7},"end":{"line":112,"column":1}},"loc":{"start":{"line":110,"column":7},"end":{"line":112,"column":1}},"line":110},"13":{"name":"mergeRates","decl":{"start":{"line":117,"column":7},"end":{"line":136,"column":1}},"loc":{"start":{"line":117,"column":7},"end":{"line":136,"column":1}},"line":117}},"f":{"0":2,"1":2,"2":1,"3":2,"4":3,"5":1,"6":3,"7":3,"8":1,"9":4,"10":97,"11":94,"12":26,"13":5}}
,"/Users/max.desalle/zentat/src/lib/storage/settings.ts": {"path":"/Users/max.desalle/zentat/src/lib/storage/settings.ts","all":false,"statementMap":{"0":{"start":{"line":1,"column":0},"end":{"line":1,"column":44}},"1":{"start":{"line":4,"column":0},"end":{"line":4,"column":47}},"2":{"start":{"line":8,"column":0},"end":{"line":8,"column":46}},"3":{"start":{"line":60,"column":0},"end":{"line":60,"column":43}},"4":{"start":{"line":61,"column":0},"end":{"line":61,"column":16}},"5":{"start":{"line":65,"column":0},"end":{"line":65,"column":34}},"6":{"start":{"line":66,"column":0},"end":{"line":66,"column":20}},"7":{"start":{"line":67,"column":0},"end":{"line":67,"column":19}},"8":{"start":{"line":68,"column":0},"end":{"line":68,"column":19}},"9":{"start":{"line":69,"column":0},"end":{"line":69,"column":24}},"10":{"start":{"line":70,"column":0},"end":{"line":70,"column":25}},"11":{"start":{"line":71,"column":0},"end":{"line":71,"column":25}},"12":{"start":{"line":72,"column":0},"end":{"line":72,"column":22}},"13":{"start":{"line":73,"column":0},"end":{"line":73,"column":21}},"14":{"start":{"line":74,"column":0},"end":{"line":74,"column":14}},"15":{"start":{"line":75,"column":0},"end":{"line":75,"column":18}},"16":{"start":{"line":78,"column":0},"end":{"line":78,"column":19}},"17":{"start":{"line":79,"column":0},"end":{"line":79,"column":16}},"18":{"start":{"line":80,"column":0},"end":{"line":80,"column":18}},"19":{"start":{"line":81,"column":0},"end":{"line":81,"column":22}},"20":{"start":{"line":82,"column":0},"end":{"line":82,"column":19}},"21":{"start":{"line":83,"column":0},"end":{"line":83,"column":20}},"22":{"start":{"line":84,"column":0},"end":{"line":84,"column":22}},"23":{"start":{"line":85,"column":0},"end":{"line":85,"column":2}},"24":{"start":{"line":90,"column":0},"end":{"line":90,"column":69}},"25":{"start":{"line":91,"column":0},"end":{"line":91,"column":29}},"26":{"start":{"line":92,"column":0},"end":{"line":92,"column":3}},"27":{"start":{"line":97,"column":0},"end":{"line":97,"column":43}},"28":{"start":{"line":98,"column":0},"end":{"line":98,"column":56}},"29":{"start":{"line":104,"column":0},"end":{"line":104,"column":31}},"30":{"start":{"line":105,"column":0},"end":{"line":105,"column":19}},"31":{"start":{"line":106,"column":0},"end":{"line":106,"column":1}},"32":{"start":{"line":108,"column":0},"end":{"line":108,"column":46}},"33":{"start":{"line":109,"column":0},"end":{"line":109,"column":7}},"34":{"start":{"line":110,"column":0},"end":{"line":110,"column":68}},"35":{"start":{"line":111,"column":0},"end":{"line":111,"column":17}},"36":{"start":{"line":112,"column":0},"end":{"line":112,"column":70}},"37":{"start":{"line":113,"column":0},"end":{"line":113,"column":26}},"38":{"start":{"line":114,"column":0},"end":{"line":114,"column":72}},"39":{"start":{"line":115,"column":0},"end":{"line":115,"column":7}},"40":{"start":{"line":116,"column":0},"end":{"line":116,"column":48}},"41":{"start":{"line":117,"column":0},"end":{"line":117,"column":5}},"42":{"start":{"line":118,"column":0},"end":{"line":118,"column":11}},"43":{"start":{"line":120,"column":0},"end":{"line":120,"column":3}},"44":{"start":{"line":121,"column":0},"end":{"line":121,"column":1}},"45":{"start":{"line":123,"column":0},"end":{"line":123,"column":56}},"46":{"start":{"line":124,"column":0},"end":{"line":124,"column":33}},"47":{"start":{"line":125,"column":0},"end":{"line":125,"column":47}},"48":{"start":{"line":127,"column":0},"end":{"line":127,"column":52}},"49":{"start":{"line":131,"column":0},"end":{"line":131,"column":42}},"50":{"start":{"line":132,"column":0},"end":{"line":132,"column":57}},"51":{"start":{"line":133,"column":0},"end":{"line":133,"column":3}},"52":{"start":{"line":134,"column":0},"end":{"line":134,"column":44}},"53":{"start":{"line":135,"column":0},"end":{"line":135,"column":29}},"54":{"start":{"line":136,"column":0},"end":{"line":136,"column":3}},"55":{"start":{"line":137,"column":0},"end":{"line":137,"column":44}},"56":{"start":{"line":138,"column":0},"end":{"line":138,"column":29}},"57":{"start":{"line":139,"column":0},"end":{"line":139,"column":3}},"58":{"start":{"line":140,"column":0},"end":{"line":140,"column":68}},"59":{"start":{"line":141,"column":0},"end":{"line":141,"column":50}},"60":{"start":{"line":142,"column":0},"end":{"line":142,"column":3}},"61":{"start":{"line":144,"column":0},"end":{"line":144,"column":16}},"62":{"start":{"line":145,"column":0},"end":{"line":145,"column":1}},"63":{"start":{"line":147,"column":0},"end":{"line":147,"column":79}},"64":{"start":{"line":148,"column":0},"end":{"line":148,"column":38}},"65":{"start":{"line":149,"column":0},"end":{"line":149,"column":59}},"66":{"start":{"line":150,"column":0},"end":{"line":150,"column":1}},"67":{"start":{"line":152,"column":0},"end":{"line":152,"column":83}},"68":{"start":{"line":153,"column":0},"end":{"line":153,"column":40}},"69":{"start":{"line":154,"column":0},"end":{"line":154,"column":48}},"70":{"start":{"line":155,"column":0},"end":{"line":155,"column":5}},"71":{"start":{"line":156,"column":0},"end":{"line":156,"column":1}}},"s":{"0":2,"1":2,"2":2,"3":2,"4":2,"5":2,"6":2,"7":2,"8":2,"9":2,"10":2,"11":2,"12":2,"13":2,"14":2,"15":2,"16":2,"17":2,"18":2,"19":2,"20":2,"21":2,"22":2,"23":2,"24":2,"25":2,"26":2,"27":2,"28":22,"29":22,"30":22,"31":22,"32":18,"33":18,"34":18,"35":18,"36":5,"37":5,"38":3,"39":3,"40":5,"41":5,"42":18,"43":1,"44":18,"45":22,"46":22,"47":22,"48":22,"49":22,"50":1,"51":1,"52":22,"53":1,"54":1,"55":22,"56":1,"57":1,"58":22,"59":1,"60":1,"61":22,"62":22,"63":5,"64":5,"65":5,"66":5,"67":2,"68":2,"69":1,"70":2,"71":2},"branchMap":{"0":{"type":"branch","line":98,"loc":{"start":{"line":98,"column":0},"end":{"line":106,"column":1}},"locations":[{"start":{"line":98,"column":0},"end":{"line":106,"column":1}}]},"1":{"type":"branch","line":108,"loc":{"start":{"line":108,"column":0},"end":{"line":121,"column":1}},"locations":[{"start":{"line":108,"column":0},"end":{"line":121,"column":1}}]},"2":{"type":"branch","line":110,"loc":{"start":{"line":110,"column":66},"end":{"line":111,"column":16}},"locations":[{"start":{"line":110,"column":66},"end":{"line":111,"column":16}}]},"3":{"type":"branch","line":111,"loc":{"start":{"line":111,"column":16},"end":{"line":117,"column":5}},"locations":[{"start":{"line":111,"column":16},"end":{"line":117,"column":5}}]},"4":{"type":"branch","line":113,"loc":{"start":{"line":113,"column":25},"end":{"line":115,"column":7}},"locations":[{"start":{"line":113,"column":25},"end":{"line":115,"column":7}}]},"5":{"type":"branch","line":118,"loc":{"start":{"line":118,"column":2},"end":{"line":120,"column":3}},"locations":[{"start":{"line":118,"column":2},"end":{"line":120,"column":3}}]},"6":{"type":"branch","line":123,"loc":{"start":{"line":123,"column":0},"end":{"line":145,"column":1}},"locations":[{"start":{"line":123,"column":0},"end":{"line":145,"column":1}}]},"7":{"type":"branch","line":131,"loc":{"start":{"line":131,"column":41},"end":{"line":133,"column":3}},"locations":[{"start":{"line":131,"column":41},"end":{"line":133,"column":3}}]},"8":{"type":"branch","line":134,"loc":{"start":{"line":134,"column":43},"end":{"line":136,"column":3}},"locations":[{"start":{"line":134,"column":43},"end":{"line":136,"column":3}}]},"9":{"type":"branch","line":137,"loc":{"start":{"line":137,"column":43},"end":{"line":139,"column":3}},"locations":[{"start":{"line":137,"column":43},"end":{"line":139,"column":3}}]},"10":{"type":"branch","line":140,"loc":{"start":{"line":140,"column":67},"end":{"line":142,"column":3}},"locations":[{"start":{"line":140,"column":67},"end":{"line":142,"column":3}}]},"11":{"type":"branch","line":147,"loc":{"start":{"line":147,"column":0},"end":{"line":150,"column":1}},"locations":[{"start":{"line":147,"column":0},"end":{"line":150,"column":1}}]},"12":{"type":"branch","line":152,"loc":{"start":{"line":152,"column":7},"end":{"line":156,"column":1}},"locations":[{"start":{"line":152,"column":7},"end":{"line":156,"column":1}}]},"13":{"type":"branch","line":153,"loc":{"start":{"line":153,"column":28},"end":{"line":155,"column":3}},"locations":[{"start":{"line":153,"column":28},"end":{"line":155,"column":3}}]}},"b":{"0":[22],"1":[18],"2":[17],"3":[5],"4":[3],"5":[1],"6":[22],"7":[1],"8":[1],"9":[1],"10":[1],"11":[5],"12":[2],"13":[1]},"fnMap":{"0":{"name":"migrateFromSyncStorage","decl":{"start":{"line":98,"column":0},"end":{"line":106,"column":1}},"loc":{"start":{"line":98,"column":0},"end":{"line":106,"column":1}},"line":98},"1":{"name":"runMigration","decl":{"start":{"line":108,"column":0},"end":{"line":121,"column":1}},"loc":{"start":{"line":108,"column":0},"end":{"line":121,"column":1}},"line":108},"2":{"name":"getSettings","decl":{"start":{"line":123,"column":0},"end":{"line":145,"column":1}},"loc":{"start":{"line":123,"column":0},"end":{"line":145,"column":1}},"line":123},"3":{"name":"setSettings","decl":{"start":{"line":147,"column":0},"end":{"line":150,"column":1}},"loc":{"start":{"line":147,"column":0},"end":{"line":150,"column":1}},"line":147},"4":{"name":"watchSettings","decl":{"start":{"line":152,"column":7},"end":{"line":156,"column":1}},"loc":{"start":{"line":152,"column":7},"end":{"line":156,"column":1}},"line":152}},"f":{"0":22,"1":18,"2":22,"3":5,"4":2}}
,"/Users/max.desalle/zentat/src/lib/storage/site-filter.ts": {"path":"/Users/max.desalle/zentat/src/lib/storage/site-filter.ts","all":false,"statementMap":{"0":{"start":{"line":10,"column":0},"end":{"line":10,"column":88}},"1":{"start":{"line":11,"column":0},"end":{"line":11,"column":42}},"2":{"start":{"line":12,"column":0},"end":{"line":12,"column":86}},"3":{"start":{"line":13,"column":0},"end":{"line":13,"column":3}},"4":{"start":{"line":14,"column":0},"end":{"line":14,"column":85}},"5":{"start":{"line":15,"column":0},"end":{"line":15,"column":1}},"6":{"start":{"line":17,"column":0},"end":{"line":17,"column":76}},"7":{"start":{"line":18,"column":0},"end":{"line":18,"column":36}},"8":{"start":{"line":19,"column":0},"end":{"line":19,"column":34}},"9":{"start":{"line":22,"column":0},"end":{"line":22,"column":33}},"10":{"start":{"line":23,"column":0},"end":{"line":23,"column":36}},"11":{"start":{"line":24,"column":0},"end":{"line":24,"column":66}},"12":{"start":{"line":25,"column":0},"end":{"line":25,"column":3}},"13":{"start":{"line":27,"column":0},"end":{"line":27,"column":29}},"14":{"start":{"line":28,"column":0},"end":{"line":28,"column":16}},"15":{"start":{"line":29,"column":0},"end":{"line":29,"column":3}},"16":{"start":{"line":32,"column":0},"end":{"line":32,"column":41}},"17":{"start":{"line":33,"column":0},"end":{"line":33,"column":16}},"18":{"start":{"line":34,"column":0},"end":{"line":34,"column":3}},"19":{"start":{"line":36,"column":0},"end":{"line":36,"column":15}},"20":{"start":{"line":37,"column":0},"end":{"line":37,"column":1}},"21":{"start":{"line":44,"column":0},"end":{"line":44,"column":57}},"22":{"start":{"line":45,"column":0},"end":{"line":45,"column":72}},"23":{"start":{"line":46,"column":0},"end":{"line":46,"column":48}},"24":{"start":{"line":48,"column":0},"end":{"line":48,"column":41}},"25":{"start":{"line":49,"column":0},"end":{"line":49,"column":80}},"26":{"start":{"line":50,"column":0},"end":{"line":50,"column":59}},"27":{"start":{"line":51,"column":0},"end":{"line":51,"column":1}},"28":{"start":{"line":54,"column":0},"end":{"line":54,"column":82}},"29":{"start":{"line":55,"column":0},"end":{"line":55,"column":73}},"30":{"start":{"line":56,"column":0},"end":{"line":56,"column":1}}},"s":{"0":2,"1":16,"2":6,"3":6,"4":10,"5":10,"6":2,"7":27,"8":27,"9":27,"10":11,"11":11,"12":11,"13":27,"14":2,"15":2,"16":27,"17":6,"18":6,"19":8,"20":8,"21":2,"22":11,"23":11,"24":6,"25":6,"26":11,"27":11,"28":2,"29":2,"30":2},"branchMap":{"0":{"type":"branch","line":10,"loc":{"start":{"line":10,"column":7},"end":{"line":15,"column":1}},"locations":[{"start":{"line":10,"column":7},"end":{"line":15,"column":1}}]},"1":{"type":"branch","line":11,"loc":{"start":{"line":11,"column":41},"end":{"line":13,"column":3}},"locations":[{"start":{"line":11,"column":41},"end":{"line":13,"column":3}}]},"2":{"type":"branch","line":13,"loc":{"start":{"line":13,"column":2},"end":{"line":15,"column":1}},"locations":[{"start":{"line":13,"column":2},"end":{"line":15,"column":1}}]},"3":{"type":"branch","line":12,"loc":{"start":{"line":12,"column":38},"end":{"line":12,"column":84}},"locations":[{"start":{"line":12,"column":38},"end":{"line":12,"column":84}}]},"4":{"type":"branch","line":14,"loc":{"start":{"line":14,"column":37},"end":{"line":14,"column":83}},"locations":[{"start":{"line":14,"column":37},"end":{"line":14,"column":83}}]},"5":{"type":"branch","line":17,"loc":{"start":{"line":17,"column":7},"end":{"line":37,"column":1}},"locations":[{"start":{"line":17,"column":7},"end":{"line":37,"column":1}}]},"6":{"type":"branch","line":22,"loc":{"start":{"line":22,"column":32},"end":{"line":25,"column":3}},"locations":[{"start":{"line":22,"column":32},"end":{"line":25,"column":3}}]},"7":{"type":"branch","line":24,"loc":{"start":{"line":24,"column":24},"end":{"line":24,"column":66}},"locations":[{"start":{"line":24,"column":24},"end":{"line":24,"column":66}}]},"8":{"type":"branch","line":25,"loc":{"start":{"line":25,"column":2},"end":{"line":27,"column":28}},"locations":[{"start":{"line":25,"column":2},"end":{"line":27,"column":28}}]},"9":{"type":"branch","line":27,"loc":{"start":{"line":27,"column":28},"end":{"line":29,"column":3}},"locations":[{"start":{"line":27,"column":28},"end":{"line":29,"column":3}}]},"10":{"type":"branch","line":29,"loc":{"start":{"line":29,"column":2},"end":{"line":32,"column":40}},"locations":[{"start":{"line":29,"column":2},"end":{"line":32,"column":40}}]},"11":{"type":"branch","line":32,"loc":{"start":{"line":32,"column":40},"end":{"line":34,"column":3}},"locations":[{"start":{"line":32,"column":40},"end":{"line":34,"column":3}}]},"12":{"type":"branch","line":34,"loc":{"start":{"line":34,"column":2},"end":{"line":37,"column":1}},"locations":[{"start":{"line":34,"column":2},"end":{"line":37,"column":1}}]},"13":{"type":"branch","line":44,"loc":{"start":{"line":44,"column":7},"end":{"line":51,"column":1}},"locations":[{"start":{"line":44,"column":7},"end":{"line":51,"column":1}}]},"14":{"type":"branch","line":46,"loc":{"start":{"line":46,"column":25},"end":{"line":46,"column":48}},"locations":[{"start":{"line":46,"column":25},"end":{"line":46,"column":48}}]},"15":{"type":"branch","line":46,"loc":{"start":{"line":46,"column":46},"end":{"line":50,"column":40}},"locations":[{"start":{"line":46,"column":46},"end":{"line":50,"column":40}}]},"16":{"type":"branch","line":50,"loc":{"start":{"line":50,"column":21},"end":{"line":50,"column":45}},"locations":[{"start":{"line":50,"column":21},"end":{"line":50,"column":45}}]},"17":{"type":"branch","line":50,"loc":{"start":{"line":50,"column":40},"end":{"line":50,"column":47}},"locations":[{"start":{"line":50,"column":40},"end":{"line":50,"column":47}}]},"18":{"type":"branch","line":54,"loc":{"start":{"line":54,"column":7},"end":{"line":56,"column":1}},"locations":[{"start":{"line":54,"column":7},"end":{"line":56,"column":1}}]},"19":{"type":"branch","line":55,"loc":{"start":{"line":55,"column":25},"end":{"line":55,"column":71}},"locations":[{"start":{"line":55,"column":25},"end":{"line":55,"column":71}}]}},"b":{"0":[16],"1":[6],"2":[10],"3":[5],"4":[10],"5":[27],"6":[11],"7":[8],"8":[16],"9":[2],"10":[14],"11":[6],"12":[8],"13":[11],"14":[5],"15":[6],"16":[5],"17":[1],"18":[2],"19":[4]},"fnMap":{"0":{"name":"isSiteAllowed","decl":{"start":{"line":10,"column":7},"end":{"line":15,"column":1}},"loc":{"start":{"line":10,"column":7},"end":{"line":15,"column":1}},"line":10},"1":{"name":"matchesPattern","decl":{"start":{"line":17,"column":7},"end":{"line":37,"column":1}},"loc":{"start":{"line":17,"column":7},"end":{"line":37,"column":1}},"line":17},"2":{"name":"siteToggleKey","decl":{"start":{"line":44,"column":7},"end":{"line":51,"column":1}},"loc":{"start":{"line":44,"column":7},"end":{"line":51,"column":1}},"line":44},"3":{"name":"patternsMatching","decl":{"start":{"line":54,"column":7},"end":{"line":56,"column":1}},"loc":{"start":{"line":54,"column":7},"end":{"line":56,"column":1}},"line":54}},"f":{"0":16,"1":27,"2":11,"3":2}}
}
